Removed Pin From Net: NetName=ADC_CH2_CH3_N Pin=U2-1
Removed Pin From Net: NetName=ADC_CH2_CH3_P Pin=U2-2
Removed Pin From Net: NetName=ADC_CH6_CH7_N Pin=U2-9
Removed Pin From Net: NetName=ADC_CH6_CH7_P Pin=U2-10
Removed Pin From Net: NetName=ADC_CH0_CH1_N Pin=U2-31
Removed Pin From Net: NetName=ADC_CH0_CH1_P Pin=U2-32
Removed Pin From Net: NetName=GND Pin=U4-29
Removed Pin From Net: NetName=GND Pin=U4-30
Removed Pin From Net: NetName=GND Pin=U4-31
Removed Pin From Net: NetName=GND Pin=U4-32
Removed Pin From Net: NetName=GND Pin=U4-33
Removed Pin From Net: NetName=GND Pin=U4-34
Removed Pin From Net: NetName=GND Pin=U4-35
Removed Pin From Net: NetName=GND Pin=U4-36
Removed Pin From Net: NetName=GND Pin=U4-37
Removed Pin From Net: NetName=GND Pin=U4-38
Removed Pin From Net: NetName=GND Pin=U4-39
Removed Pin From Net: NetName=GND Pin=U4-40
Removed Pin From Net: NetName=GND Pin=U4-41
Removed Pin From Net: NetName=GND Pin=U4-42
Removed Pin From Net: NetName=GND Pin=U4-43
Removed Pin From Net: NetName=GND Pin=U4-44
Removed Pin From Net: NetName=GND Pin=U4-45
Removed Pin From Net: NetName=GND Pin=U4-46
Removed Pin From Net: NetName=GND Pin=U4-47
Removed Pin From Net: NetName=GND Pin=U5-29
Removed Pin From Net: NetName=GND Pin=U5-29
Removed Pin From Net: NetName=GND Pin=U5-29
Removed Pin From Net: NetName=GND Pin=U5-29
Removed Pin From Net: NetName=GND Pin=U5-29
Removed Pin From Net: NetName=GND Pin=U5-29
Removed Pin From Net: NetName=GND Pin=U5-29
Removed Pin From Net: NetName=GND Pin=U5-29
Removed Pin From Net: NetName=GND Pin=U5-29
Removed Pin From Net: NetName=GND Pin=U5-29
Removed Pin From Net: NetName=GND Pin=U5-29
Removed Pin From Net: NetName=GND Pin=U5-29
Removed Pin From Net: NetName=GND Pin=U5-29
Removed Pin From Net: NetName=GND Pin=U5-29
Removed Pin From Net: NetName=GND Pin=U5-29
Removed Pin From Net: NetName=GND Pin=U5-29
Removed Pin From Net: NetName=GND Pin=U5-29
Removed Pin From Net: NetName=GND Pin=U5-29
Removed Pin From Net: NetName=GND Pin=U5-29
Change Footprint: Footprint Not Found THS7002CPWP
Change Footprint: Footprint Not Found THS7002CPWP
Add Pin To Net: Unknown Pin: Pin U1-65
Added Pin To Net: NetName=ADC_CH2_CH3_P Pin=U2-1
Added Pin To Net: NetName=ADC_CH2_CH3_N Pin=U2-2
Added Pin To Net: NetName=ADC_CH4_CH5_P Pin=U2-7
Added Pin To Net: NetName=ADC_CH6_CH7_P Pin=U2-9
Added Pin To Net: NetName=ADC_CH6_CH7_N Pin=U2-10
Added Pin To Net: NetName=ADC_CH0_CH1_P Pin=U2-31
Added Pin To Net: NetName=ADC_CH0_CH1_N Pin=U2-32
Add Class Member: Failed to add class member : Component HDR1 Header 2x5
Added Room: Name=LVDS_Driver_Subsystem
