Removed Pin From Net: NetName=ADC_CH2_CH3_P Pin=U2-1
Removed Pin From Net: NetName=ADC_CH2_CH3_N Pin=U2-2
Removed Pin From Net: NetName=ADC_CH4_CH5_P Pin=U2-7
Removed Pin From Net: NetName=ADC_CH4_CH5_N Pin=U2-8
Removed Pin From Net: NetName=ADC_CH6_CH7_P Pin=U2-9
Removed Pin From Net: NetName=ADC_CH6_CH7_N Pin=U2-10
Removed Pin From Net: NetName=ADC_CH0_CH1_P Pin=U2-31
Removed Pin From Net: NetName=ADC_CH0_CH1_N Pin=U2-32
Change Footprint: Footprint Not Found THS7002CPWP
Change Footprint: Footprint Not Found THS7002CPWP
Add Pin To Net: Unknown Pin: Pin U1-65
Added Pin To Net: NetName=ADC_CH2_CH3_N Pin=U2-1
Added Pin To Net: NetName=ADC_CH2_CH3_P Pin=U2-2
Added Pin To Net: NetName=ADC_CH4_CH5_N Pin=U2-7
Added Pin To Net: NetName=ADC_CH4_CH5_P Pin=U2-8
Added Pin To Net: NetName=ADC_CH6_CH7_N Pin=U2-9
Added Pin To Net: NetName=ADC_CH6_CH7_P Pin=U2-10
Added Pin To Net: NetName=ADC_CH0_CH1_N Pin=U2-31
Added Pin To Net: NetName=ADC_CH0_CH1_P Pin=U2-32
Add Class Member: Failed to add class member : Component HDR1 Header 2x5
Added Room: Name=LVDS_Driver_Subsystem
