Removed Pin From Net: NetName=GND Pin=B1-1
Removed Pin From Net: NetName=SW Pin=B1-2
Removed Pin From Net: NetName=Vin Pin=B1-3
Removed Pin From Net: NetName=FB Pin=B1-4
Removed Pin From Net: NetName=Vin Pin=B1-5
Removed Pin From Net: NetName=CB Pin=B1-6
Removed Pin From Net: NetName=SHDN-A Pin=U1-42
Removed Pin From Net: NetName=A_GP0 Pin=U1-43
Removed Pin From Net: NetName=A_GP1 Pin=U1-44
Removed Pin From Net: NetName=A_GP2 Pin=U1-45
Added Pin To Net: NetName=GND Pin=B1-1
Added Pin To Net: NetName=Sensor_A_N Pin=B1-1
Added Pin To Net: NetName=Sensor_A_P Pin=B1-2
Added Pin To Net: NetName=SW Pin=B1-2
Added Pin To Net: NetName=Sensor_B_P Pin=B1-3
Added Pin To Net: NetName=Vin Pin=B1-3
Added Pin To Net: NetName=FB Pin=B1-4
Added Pin To Net: NetName=Sensor_B_N Pin=B1-4
Added Pin To Net: NetName=Vin Pin=B1-5
Added Pin To Net: NetName=CB Pin=B1-6
Added Pin To Net: NetName=Sensor_C_N Pin=B1-6
Added Pin To Net: NetName=A_GP0 Pin=U1-42
Added Pin To Net: NetName=A_GP1 Pin=U1-43
Added Pin To Net: NetName=A_GP2 Pin=U1-44
Added Pin To Net: NetName=SHDN-A Pin=U1-45
