Removed Pin From Net: NetName=SW Pin=B1-2
Removed Pin From Net: NetName=Vin Pin=B1-3
Removed Pin From Net: NetName=Vin Pin=B1-5
Removed Member From Class: ClassName=PGA1 Member=C43
Change Component Designator: OldDesignator=AmpA NewDesignator=U6
Change Component Designator: OldDesignator=AmpB NewDesignator=U7
Change Component Designator: OldDesignator=AmpC NewDesignator=U8
Change Component Designator: OldDesignator=AmpD NewDesignator=U9
Change Component Designator: OldDesignator=C14 NewDesignator=C32
Change Component Designator: OldDesignator=C16 NewDesignator=C35
Change Component Designator: OldDesignator=C17 NewDesignator=C34
Change Component Designator: OldDesignator=C18 NewDesignator=C33
Change Component Designator: OldDesignator=C19 NewDesignator=C36
Change Component Designator: OldDesignator=C20 NewDesignator=C37
Change Component Designator: OldDesignator=C21 NewDesignator=C38
Change Component Designator: OldDesignator=C22 NewDesignator=C18
Change Component Designator: OldDesignator=C23 NewDesignator=C20
Change Component Designator: OldDesignator=C24 NewDesignator=C16
Change Component Designator: OldDesignator=C25 NewDesignator=C17
Change Component Designator: OldDesignator=C26 NewDesignator=C15
Change Component Designator: OldDesignator=C27 NewDesignator=C14
Change Component Designator: OldDesignator=C28 NewDesignator=C19
Change Component Designator: OldDesignator=C29 NewDesignator=C22
Change Component Designator: OldDesignator=C30 NewDesignator=C21
Change Component Designator: OldDesignator=C31 NewDesignator=C41
Change Component Designator: OldDesignator=C32 NewDesignator=C40
Change Component Designator: OldDesignator=C33 NewDesignator=C39
Change Component Designator: OldDesignator=C34 NewDesignator=C42
Change Component Designator: OldDesignator=C35 NewDesignator=C43
Change Component Designator: OldDesignator=C36 NewDesignator=C44
Change Component Designator: OldDesignator=C37 NewDesignator=C27
Change Component Designator: OldDesignator=C38 NewDesignator=C29
Change Component Designator: OldDesignator=C39 NewDesignator=C25
Change Component Designator: OldDesignator=C40 NewDesignator=C26
Change Component Designator: OldDesignator=C41 NewDesignator=C24
Change Component Designator: OldDesignator=C42 NewDesignator=C23
Change Component Designator: OldDesignator=C43 NewDesignator=C28
Change Component Designator: OldDesignator=C44 NewDesignator=C31
Change Component Designator: OldDesignator=C45 NewDesignator=C30
Change Component Designator: OldDesignator=PGA1 NewDesignator=U4
Change Component Designator: OldDesignator=PGA2 NewDesignator=U5
Change Component Designator: OldDesignator=R1 NewDesignator=R7
Change Component Designator: OldDesignator=R2 NewDesignator=R6
Change Component Designator: OldDesignator=R3 NewDesignator=R5
Change Component Designator: OldDesignator=R4 NewDesignator=R9
Change Component Designator: OldDesignator=R5 NewDesignator=R8
Change Component Designator: OldDesignator=R6 NewDesignator=R14
Change Component Designator: OldDesignator=R7 NewDesignator=R15
Change Component Designator: OldDesignator=R8 NewDesignator=R11
Change Component Designator: OldDesignator=R9 NewDesignator=R10
Change Component Designator: OldDesignator=R10 NewDesignator=R16
Change Component Designator: OldDesignator=R11 NewDesignator=R17
Change Component Designator: OldDesignator=R12 NewDesignator=R13
Change Component Designator: OldDesignator=R13 NewDesignator=R12
Change Component Designator: OldDesignator=R14 NewDesignator=R18
Change Component Designator: OldDesignator=R15 NewDesignator=R19
Change Component Designator: OldDesignator=R16 NewDesignator=R21
Change Component Designator: OldDesignator=R17 NewDesignator=R20
Change Component Designator: OldDesignator=R18 NewDesignator=R26
Change Component Designator: OldDesignator=R19 NewDesignator=R27
Change Component Designator: OldDesignator=R20 NewDesignator=R29
Change Component Designator: OldDesignator=R21 NewDesignator=R28
Change Component Designator: OldDesignator=R24 NewDesignator=R25
Change Component Designator: OldDesignator=R25 NewDesignator=R24
Change Component Designator: OldDesignator=R26 NewDesignator=R30
Change Component Designator: OldDesignator=R27 NewDesignator=R31
Add Component: Footprint Not Found PCBComponent_1
Add Component: Footprint Not Found PCBComponent_1
Added Pin To Net: NetName=GND Pin=B1-1
Added Pin To Net: NetName=Sensor_A_P Pin=B1-2
Added Pin To Net: NetName=SW Pin=B1-2
Added Pin To Net: NetName=Sensor_B_P Pin=B1-3
Added Pin To Net: NetName=Vin Pin=B1-3
Added Pin To Net: NetName=FB Pin=B1-4
Added Pin To Net: NetName=Vin Pin=B1-5
Added Pin To Net: NetName=CB Pin=B1-6
Add Pin To Net: Unknown Pin: Pin B2-1
Add Pin To Net: Unknown Pin: Pin B2-2
Add Pin To Net: Unknown Pin: Pin B2-3
Add Pin To Net: Unknown Pin: Pin B2-4
Add Pin To Net: Unknown Pin: Pin B2-5
Add Pin To Net: Unknown Pin: Pin B2-6
Add Pin To Net: Unknown Pin: Pin C42-1
Add Pin To Net: Unknown Pin: Pin C42-2
Add Pin To Net: Unknown Pin: Pin C44-1
Add Pin To Net: Unknown Pin: Pin C44-2
Add Pin To Net: Unknown Pin: Pin C47-1
Add Pin To Net: Unknown Pin: Pin C47-2
Add Pin To Net: Unknown Pin: Pin C49-1
Add Pin To Net: Unknown Pin: Pin C49-2
Add Pin To Net: Unknown Pin: Pin C51-1
Add Pin To Net: Unknown Pin: Pin C51-2
Add Pin To Net: Unknown Pin: Pin C56-1
Add Pin To Net: Unknown Pin: Pin C56-2
Add Pin To Net: Unknown Pin: Pin C57-1
Add Pin To Net: Unknown Pin: Pin C57-2
Add Pin To Net: Unknown Pin: Pin C60-1
Add Pin To Net: Unknown Pin: Pin C60-2
Add Pin To Net: Unknown Pin: Pin C61-1
Add Pin To Net: Unknown Pin: Pin C61-2
Add Pin To Net: Unknown Pin: Pin Q1-1
Add Pin To Net: Unknown Pin: Pin Q1-2
Add Pin To Net: Unknown Pin: Pin Q1-3
Add Pin To Net: Unknown Pin: Pin R28-1
Add Pin To Net: Unknown Pin: Pin R28-2
Add Pin To Net: Unknown Pin: Pin R29-1
Add Pin To Net: Unknown Pin: Pin R29-2
Add Pin To Net: Unknown Pin: Pin R30-1
Add Pin To Net: Unknown Pin: Pin R30-2
Add Pin To Net: Unknown Pin: Pin R31-1
Add Pin To Net: Unknown Pin: Pin R31-2
Add Pin To Net: Unknown Pin: Pin R32-1
Add Pin To Net: Unknown Pin: Pin R32-2
Add Pin To Net: Unknown Pin: Pin R34-1
Add Pin To Net: Unknown Pin: Pin R34-2
Change Net Name : Old Net Name=NetAmpA_1 New Net Name=NetR26_2
Change Net Name : Old Net Name=NetAmpA_2 New Net Name=NetC1A_1
Change Net Name : Old Net Name=NetAmpA_4 New Net Name=NetR28_2
Change Net Name : Old Net Name=NetAmpA_5 New Net Name=NetR29_2
Change Net Name : Old Net Name=NetAmpA_8 New Net Name=NetR27_2
Change Net Name : Old Net Name=NetAmpB_1 New Net Name=NetR20_2
Change Net Name : Old Net Name=NetAmpB_2 New Net Name=NetC1B_1
Change Net Name : Old Net Name=NetAmpB_4 New Net Name=NetR22_2
Change Net Name : Old Net Name=NetAmpB_5 New Net Name=NetR23_2
Change Net Name : Old Net Name=NetAmpB_8 New Net Name=NetR21_2
Change Net Name : Old Net Name=NetAmpC_1 New Net Name=NetR14_2
Change Net Name : Old Net Name=NetAmpC_2 New Net Name=NetC15_1
Change Net Name : Old Net Name=NetAmpC_4 New Net Name=NetR16_2
Change Net Name : Old Net Name=NetAmpC_5 New Net Name=NetR17_2
Change Net Name : Old Net Name=NetAmpC_8 New Net Name=NetR15_2
Change Net Name : Old Net Name=NetAmpD_1 New Net Name=NetR8_2
Change Net Name : Old Net Name=NetAmpD_2 New Net Name=NetC32_1
Change Net Name : Old Net Name=NetAmpD_4 New Net Name=NetR10_2
Change Net Name : Old Net Name=NetAmpD_5 New Net Name=NetR11_2
Change Net Name : Old Net Name=NetAmpD_8 New Net Name=NetR9_2
Change Net Name : Old Net Name=NetC22_1 New Net Name=NetC18_1
Change Net Name : Old Net Name=NetC23_1 New Net Name=NetC20_1
Change Net Name : Old Net Name=NetC37_1 New Net Name=NetC27_1
Change Net Name : Old Net Name=NetC38_1 New Net Name=NetC29_1
Change Net Name : Old Net Name=NetPGA1_4 New Net Name=NetR7_2
Change Net Name : Old Net Name=NetPGA1_11 New Net Name=NetR6_2
Change Net Name : Old Net Name=NetPGA2_4 New Net Name=NetR5_2
Change Net Name : Old Net Name=NetPGA2_11 New Net Name=NetR4_2
Change Class Name : Old Net Name=Diff_Amp_1 New Net Name=U6
Change Class Name : Old Net Name=Diff_Amp_2 New Net Name=U8
Change Class Name : Old Net Name=PGA1 New Net Name=U4
Change Class Name : Old Net Name=PGA2 New Net Name=U5
Add Class Member: Failed to add class member : Component B2
Added Member To Class: ClassName=U4 Member=Component C28 C2012JB1A685K060AC
Change Room Name: Old Name=PGA2 New Name=U4
Change Room Scope: Old Scope=InComponentClass('PGA2') New Scope=InComponentClass('U4')
Added Room: Name=U5
Added Room: Name=U6
Added Room: Name=U8
