Removed Pin From Net: NetName=+3.3V Pin=C11-2
Removed Pin From Net: NetName=+3.3V Pin=C43-1
Removed Pin From Net: NetName=+3.3V Pin=L3-2
Removed Pin From Net: NetName=+3.3V Pin=R5-1
Removed Pin From Net: NetName=+3.3V Pin=R36-1
Removed Pin From Net: NetName=+3.3V Pin=U2-25
Removed Pin From Net: NetName=+3.3V Pin=U3-1
Removed Pin From Net: NetName=+3.3V Pin=U4-5
Removed Pin From Net: NetName=+3.3V Pin=U4-6
Added Pin To Net: NetName=GND Pin=B1-1
Added Pin To Net: NetName=SW Pin=B1-2
Added Pin To Net: NetName=Vin Pin=B1-3
Added Pin To Net: NetName=FB Pin=B1-4
Added Pin To Net: NetName=Vin Pin=B1-5
Added Pin To Net: NetName=CB Pin=B1-6
Added Pin To Net: NetName=+3.3V Pin=C11-2
Added Pin To Net: NetName=+3.3V Pin=C43-1
Added Pin To Net: NetName=+3.3V Pin=L3-2
Added Pin To Net: NetName=+3.3V Pin=R5-1
Added Pin To Net: NetName=+3.3V Pin=R36-1
Added Pin To Net: NetName=+3.3V Pin=U2-25
Added Pin To Net: NetName=+3.3V Pin=U3-1
Added Pin To Net: NetName=+3.3V Pin=U4-5
Added Pin To Net: NetName=+3.3V Pin=U4-6
Change Net Name : Old Net Name=+10.5V New Net Name=NetC48_1
Change Net Name : Old Net Name=-10V New Net Name=NetC50_2
Change Net Name : Old Net Name=VCC+ New Net Name=+10V
Change Net Name : Old Net Name=VCC- New Net Name=-10.5V
