Add Component: Footprint Not Found FP-4-644456-0-MFG
Add Component: Footprint Not Found PCBComponent_1
Add Component: Footprint Not Found PCBComponent_1
Added Component: Designator=J2(ICSP_HDR)
Add Component: Footprint Not Found PWP0028E_M
Add Component: Footprint Not Found PWP0028E_M
Add Component: Footprint Not Found LT-MS8-8_L
Add Component: Footprint Not Found LT-MS8-8_L
Add Component: Footprint Not Found LT-MS8-8_L
Add Component: Footprint Not Found LT-MS8-8_L
Add Pin To Net: Unknown Pin: Pin B1-1
Add Pin To Net: Unknown Pin: Pin B1-2
Add Pin To Net: Unknown Pin: Pin B1-3
Add Pin To Net: Unknown Pin: Pin B1-4
Add Pin To Net: Unknown Pin: Pin B1-6
Add Pin To Net: Unknown Pin: Pin B1-7
Add Pin To Net: Unknown Pin: Pin B1-8
Add Pin To Net: Unknown Pin: Pin B1-9
Add Pin To Net: Unknown Pin: Pin B2-1
Add Pin To Net: Unknown Pin: Pin B2-2
Add Pin To Net: Unknown Pin: Pin B2-3
Add Pin To Net: Unknown Pin: Pin B2-4
Add Pin To Net: Unknown Pin: Pin B2-5
Add Pin To Net: Unknown Pin: Pin B2-6
Add Pin To Net: Unknown Pin: Pin B3-1
Add Pin To Net: Unknown Pin: Pin B3-2
Add Pin To Net: Unknown Pin: Pin B3-3
Add Pin To Net: Unknown Pin: Pin B3-4
Add Pin To Net: Unknown Pin: Pin B3-5
Add Pin To Net: Unknown Pin: Pin B3-6
Added Pin To Net: NetName=GND Pin=C1-1
Added Pin To Net: NetName=+3.3V Pin=C1-2
Added Pin To Net: NetName=GND Pin=C2-1
Added Pin To Net: NetName=+3.3V Pin=C2-2
Added Pin To Net: NetName=GND Pin=C3-1
Added Pin To Net: NetName=+3.3V Pin=C3-2
Added Pin To Net: NetName=GND Pin=C4-1
Added Pin To Net: NetName=+3.3V Pin=C4-2
Added Pin To Net: NetName=NetC5_1 Pin=C5-1
Added Pin To Net: NetName=GND Pin=C5-2
Added Pin To Net: NetName=NetC6_1 Pin=C6-1
Added Pin To Net: NetName=GND Pin=C6-2
Added Pin To Net: NetName=NetC7_1 Pin=C7-1
Added Pin To Net: NetName=GND Pin=C7-2
Added Pin To Net: NetName=GND Pin=C8-1
Added Pin To Net: NetName=+3.3V Pin=C8-2
Added Pin To Net: NetName=REFBUF Pin=C9-1
Added Pin To Net: NetName=GND Pin=C9-2
Added Pin To Net: NetName=REFIN Pin=C10-1
Added Pin To Net: NetName=GND Pin=C10-2
Added Pin To Net: NetName=GND Pin=C11-1
Added Pin To Net: NetName=+3.3V Pin=C11-2
Added Pin To Net: NetName=GND Pin=C12-1
Added Pin To Net: NetName=VDDLBYP Pin=C12-2
Added Pin To Net: NetName=GND Pin=C13-1
Added Pin To Net: NetName=+5V Pin=C13-2
Added Pin To Net: NetName=+10.5V Pin=C14-1
Added Pin To Net: NetName=GND Pin=C14-2
Added Pin To Net: NetName=+10.5V Pin=C15-1
Added Pin To Net: NetName=NetC15_1 Pin=C15-1
Added Pin To Net: NetName=GND Pin=C15-2
Added Pin To Net: NetName=GND Pin=C15-2
Added Pin To Net: NetName=-10V Pin=C16-1
Added Pin To Net: NetName=GND Pin=C16-2
Added Pin To Net: NetName=-10V Pin=C17-1
Added Pin To Net: NetName=GND Pin=C17-2
Added Pin To Net: NetName=NetC18_1 Pin=C18-1
Added Pin To Net: NetName=GND Pin=C18-2
Added Pin To Net: NetName=+5V Pin=C19-1
Added Pin To Net: NetName=GND Pin=C19-2
Added Pin To Net: NetName=NetC20_1 Pin=C20-1
Added Pin To Net: NetName=GND Pin=C20-2
Added Pin To Net: NetName=+10.5V Pin=C21-1
Added Pin To Net: NetName=GND Pin=C21-2
Added Pin To Net: NetName=-10V Pin=C22-1
Added Pin To Net: NetName=GND Pin=C22-2
Added Pin To Net: NetName=+10.5V Pin=C23-1
Added Pin To Net: NetName=GND Pin=C23-2
Added Pin To Net: NetName=+10.5V Pin=C24-1
Added Pin To Net: NetName=GND Pin=C24-2
Added Pin To Net: NetName=-10V Pin=C25-1
Added Pin To Net: NetName=GND Pin=C25-2
Added Pin To Net: NetName=-10V Pin=C26-1
Added Pin To Net: NetName=GND Pin=C26-2
Added Pin To Net: NetName=NetC27_1 Pin=C27-1
Added Pin To Net: NetName=GND Pin=C27-2
Added Pin To Net: NetName=+5V Pin=C28-1
Added Pin To Net: NetName=GND Pin=C28-2
Added Pin To Net: NetName=NetC29_1 Pin=C29-1
Added Pin To Net: NetName=GND Pin=C29-2
Added Pin To Net: NetName=+10.5V Pin=C30-1
Added Pin To Net: NetName=GND Pin=C30-2
Added Pin To Net: NetName=-10V Pin=C31-1
Added Pin To Net: NetName=GND Pin=C31-2
Added Pin To Net: NetName=NetC32_1 Pin=C32-1
Added Pin To Net: NetName=GND Pin=C32-2
Added Pin To Net: NetName=ADC_CH6_CH7_N Pin=C33-1
Added Pin To Net: NetName=GND Pin=C33-2
Added Pin To Net: NetName=ADC_CH6_CH7_P Pin=C34-1
Added Pin To Net: NetName=ADC_CH6_CH7_N Pin=C34-2
Added Pin To Net: NetName=ADC_CH6_CH7_P Pin=C35-1
Added Pin To Net: NetName=GND Pin=C35-2
Added Pin To Net: NetName=ADC_CH4_CH5_N Pin=C36-1
Added Pin To Net: NetName=GND Pin=C36-2
Added Pin To Net: NetName=ADC_CH4_CH5_N Pin=C37-1
Added Pin To Net: NetName=ADC_CH4_CH5_P Pin=C37-2
Added Pin To Net: NetName=ADC_CH4_CH5_P Pin=C38-1
Added Pin To Net: NetName=GND Pin=C38-2
Added Pin To Net: NetName=NetC39_1 Pin=C39-1
Added Pin To Net: NetName=GND Pin=C39-2
Added Pin To Net: NetName=ADC_CH2_CH3_N Pin=C40-1
Added Pin To Net: NetName=GND Pin=C40-2
Added Pin To Net: NetName=ADC_CH2_CH3_P Pin=C41-1
Added Pin To Net: NetName=ADC_CH2_CH3_N Pin=C41-2
Added Pin To Net: NetName=ADC_CH2_CH3_P Pin=C42-1
Added Pin To Net: NetName=GND Pin=C42-2
Added Pin To Net: NetName=NetC43_1 Pin=C43-1
Added Pin To Net: NetName=GND Pin=C43-2
Added Pin To Net: NetName=ADC_CH0_CH1_N Pin=C44-1
Added Pin To Net: NetName=GND Pin=C44-2
Added Pin To Net: NetName=ADC_CH0_CH1_N Pin=C45-1
Added Pin To Net: NetName=ADC_CH0_CH1_P Pin=C45-2
Added Pin To Net: NetName=ADC_CH0_CH1_P Pin=C46-1
Added Pin To Net: NetName=GND Pin=C46-2
Added Pin To Net: NetName=+3.3V Pin=C47-1
Added Pin To Net: NetName=Vin Pin=C47-1
Added Pin To Net: NetName=GND Pin=C47-2
Added Pin To Net: NetName=GND Pin=C47-2
Added Pin To Net: NetName=+3.3V Pin=C48-1
Added Pin To Net: NetName=SW1 Pin=C48-1
Added Pin To Net: NetName=CB1 Pin=C48-2
Added Pin To Net: NetName=GND Pin=C48-2
Add Pin To Net: Unknown Pin: Pin C49-1
Add Pin To Net: Unknown Pin: Pin C49-2
Add Pin To Net: Unknown Pin: Pin C50-1
Add Pin To Net: Unknown Pin: Pin C50-2
Added Pin To Net: NetName=Vin Pin=C51-1
Added Pin To Net: NetName=GND Pin=C51-2
Added Pin To Net: NetName=CB2 Pin=C52-1
Added Pin To Net: NetName=SW2 Pin=C52-2
Add Pin To Net: Unknown Pin: Pin C53-1
Add Pin To Net: Unknown Pin: Pin C53-2
Add Pin To Net: Unknown Pin: Pin C54-1
Add Pin To Net: Unknown Pin: Pin C54-2
Add Pin To Net: Unknown Pin: Pin C55-1
Add Pin To Net: Unknown Pin: Pin C55-2
Add Pin To Net: Unknown Pin: Pin C56-1
Add Pin To Net: Unknown Pin: Pin C56-2
Added Pin To Net: NetName=+3.3V Pin=C57-1
Added Pin To Net: NetName=GND Pin=C57-2
Add Pin To Net: Unknown Pin: Pin C58-1
Add Pin To Net: Unknown Pin: Pin C58-2
Add Pin To Net: Unknown Pin: Pin C59-1
Add Pin To Net: Unknown Pin: Pin C59-2
Added Pin To Net: NetName=CN Pin=C60-1
Added Pin To Net: NetName=GND Pin=C60-2
Added Pin To Net: NetName=CP Pin=C61-1
Added Pin To Net: NetName=GND Pin=C61-2
Add Pin To Net: Unknown Pin: Pin C62-1
Add Pin To Net: Unknown Pin: Pin C62-2
Added Pin To Net: NetName=+10.5V Pin=C63-1
Added Pin To Net: NetName=FBP Pin=C63-2
Added Pin To Net: NetName=FBN Pin=C64-1
Added Pin To Net: NetName=-10V Pin=C64-2
Added Pin To Net: NetName=+10.5V Pin=D1-1
Added Pin To Net: NetName=INP Pin=D1-2
Added Pin To Net: NetName=OUTN Pin=D2-1
Added Pin To Net: NetName=-10V Pin=D2-2
Added Pin To Net: NetName=MCLR Pin=J2-1
Added Pin To Net: NetName=+3.3V Pin=J2-2
Added Pin To Net: NetName=GND Pin=J2-3
Added Pin To Net: NetName=PGD Pin=J2-4
Added Pin To Net: NetName=PGC Pin=J2-5
Added Pin To Net: NetName=Qnet Pin=L1-1
Added Pin To Net: NetName=INP Pin=L1-2
Added Pin To Net: NetName=GND Pin=L2-1
Added Pin To Net: NetName=OUTN Pin=L2-2
Added Pin To Net: NetName=SW1 Pin=L3-1
Added Pin To Net: NetName=+3.3V Pin=L3-2
Added Pin To Net: NetName=SW2 Pin=L4-1
Added Pin To Net: NetName=+5V Pin=L4-2
Added Pin To Net: NetName=GND Pin=MCLR-1
Added Pin To Net: NetName=MCLR Pin=MCLR-2
Add Pin To Net: Unknown Pin: Pin Q1-1
Add Pin To Net: Unknown Pin: Pin Q1-2
Add Pin To Net: Unknown Pin: Pin Q1-3
Added Pin To Net: NetName=NetR1_1 Pin=R1-1
Added Pin To Net: NetName=NetC7_1 Pin=R1-2
Added Pin To Net: NetName=NetC6_1 Pin=R2-1
Added Pin To Net: NetName=NetC7_1 Pin=R2-2
Added Pin To Net: NetName=MCLR Pin=R3-1
Added Pin To Net: NetName=+3.3V Pin=R3-2
Added Pin To Net: NetName=NetC18_1 Pin=R4-1
Added Pin To Net: NetName=NetR4_2 Pin=R4-2
Added Pin To Net: NetName=NetC20_1 Pin=R5-1
Added Pin To Net: NetName=NetR5_2 Pin=R5-2
Added Pin To Net: NetName=NetC27_1 Pin=R6-1
Added Pin To Net: NetName=NetR6_2 Pin=R6-2
Added Pin To Net: NetName=NetC29_1 Pin=R7-1
Added Pin To Net: NetName=NetR7_2 Pin=R7-2
Added Pin To Net: NetName=PGA_D_Out Pin=R8-1
Added Pin To Net: NetName=NetR8_2 Pin=R8-2
Added Pin To Net: NetName=GND Pin=R9-1
Added Pin To Net: NetName=NetR9_2 Pin=R9-2
Added Pin To Net: NetName=NetR8_2 Pin=R10-1
Added Pin To Net: NetName=NetR10_2 Pin=R10-2
Added Pin To Net: NetName=NetR9_2 Pin=R11-1
Added Pin To Net: NetName=NetR11_2 Pin=R11-2
Added Pin To Net: NetName=NetR10_2 Pin=R12-1
Added Pin To Net: NetName=ADC_CH6_CH7_N Pin=R12-2
Added Pin To Net: NetName=NetR11_2 Pin=R13-1
Added Pin To Net: NetName=ADC_CH6_CH7_P Pin=R13-2
Added Pin To Net: NetName=PGA_C_Out Pin=R14-1
Added Pin To Net: NetName=NetR14_2 Pin=R14-2
Added Pin To Net: NetName=GND Pin=R15-1
Added Pin To Net: NetName=NetR15_2 Pin=R15-2
Added Pin To Net: NetName=NetR14_2 Pin=R16-1
Added Pin To Net: NetName=NetR16_2 Pin=R16-2
Added Pin To Net: NetName=NetR15_2 Pin=R17-1
Added Pin To Net: NetName=NetR17_2 Pin=R17-2
Added Pin To Net: NetName=NetR16_2 Pin=R18-1
Added Pin To Net: NetName=ADC_CH4_CH5_N Pin=R18-2
Added Pin To Net: NetName=NetR17_2 Pin=R19-1
Added Pin To Net: NetName=ADC_CH4_CH5_P Pin=R19-2
Added Pin To Net: NetName=PGA_B_Out Pin=R20-1
Added Pin To Net: NetName=NetR20_2 Pin=R20-2
Added Pin To Net: NetName=GND Pin=R21-1
Added Pin To Net: NetName=NetR21_2 Pin=R21-2
Added Pin To Net: NetName=NetR20_2 Pin=R22-1
Added Pin To Net: NetName=NetR22_2 Pin=R22-2
Added Pin To Net: NetName=NetR21_2 Pin=R23-1
Added Pin To Net: NetName=NetR23_2 Pin=R23-2
Added Pin To Net: NetName=NetR22_2 Pin=R24-1
Added Pin To Net: NetName=ADC_CH2_CH3_N Pin=R24-2
Added Pin To Net: NetName=NetR23_2 Pin=R25-1
Added Pin To Net: NetName=ADC_CH2_CH3_P Pin=R25-2
Added Pin To Net: NetName=PGA_A_Out Pin=R26-1
Added Pin To Net: NetName=NetR26_2 Pin=R26-2
Added Pin To Net: NetName=GND Pin=R27-1
Added Pin To Net: NetName=NetR27_2 Pin=R27-2
Added Pin To Net: NetName=NetR26_2 Pin=R28-1
Added Pin To Net: NetName=NetR28_2 Pin=R28-2
Added Pin To Net: NetName=NetR27_2 Pin=R29-1
Added Pin To Net: NetName=NetR29_2 Pin=R29-2
Added Pin To Net: NetName=NetR28_2 Pin=R30-1
Added Pin To Net: NetName=ADC_CH0_CH1_N Pin=R30-2
Added Pin To Net: NetName=NetR29_2 Pin=R31-1
Added Pin To Net: NetName=ADC_CH0_CH1_P Pin=R31-2
Added Pin To Net: NetName=+3.3V Pin=R32-1
Added Pin To Net: NetName=NetB2_4 Pin=R32-2
Added Pin To Net: NetName=GND Pin=R33-1
Added Pin To Net: NetName=NetB2_4 Pin=R33-2
Added Pin To Net: NetName=FB Pin=R34-1
Added Pin To Net: NetName=+5V Pin=R34-2
Add Pin To Net: Unknown Pin: Pin R35-1
Add Pin To Net: Unknown Pin: Pin R35-2
Add Pin To Net: Unknown Pin: Pin R36-1
Add Pin To Net: Unknown Pin: Pin R36-2
Add Pin To Net: Unknown Pin: Pin R37-1
Add Pin To Net: Unknown Pin: Pin R37-2
Add Pin To Net: Unknown Pin: Pin R38-1
Add Pin To Net: Unknown Pin: Pin R38-2
Add Pin To Net: Unknown Pin: Pin R39-1
Add Pin To Net: Unknown Pin: Pin R39-2
Add Pin To Net: Unknown Pin: Pin R40-1
Add Pin To Net: Unknown Pin: Pin R40-2
Added Pin To Net: NetName=+3.3V Pin=R41-1
Added Pin To Net: NetName=MULTI Pin=R41-2
Added Pin To Net: NetName=C_GP1 Pin=U1-1
Added Pin To Net: NetName=C_GP2 Pin=U1-2
Added Pin To Net: NetName=D_GP2 Pin=U1-3
Added Pin To Net: NetName=D_GP1 Pin=U1-4
Added Pin To Net: NetName=D_GP0 Pin=U1-5
Added Pin To Net: NetName=SHDN-D Pin=U1-6
Added Pin To Net: NetName=MCLR Pin=U1-7
Added Pin To Net: NetName=GND Pin=U1-9
Added Pin To Net: NetName=+3.3V Pin=U1-10
Added Pin To Net: NetName=PGC Pin=U1-17
Added Pin To Net: NetName=PGD Pin=U1-18
Added Pin To Net: NetName=+3.3V Pin=U1-19
Added Pin To Net: NetName=GND Pin=U1-20
Added Pin To Net: NetName=NetU1_22 Pin=U1-22
Added Pin To Net: NetName=GND Pin=U1-25
Added Pin To Net: NetName=+3.3V Pin=U1-26
Added Pin To Net: NetName=U1TX Pin=U1-32
Added Pin To Net: NetName=+3.3V Pin=U1-35
Added Pin To Net: NetName=+3.3V Pin=U1-38
Added Pin To Net: NetName=NetR1_1 Pin=U1-39
Added Pin To Net: NetName=NetC6_1 Pin=U1-40
Added Pin To Net: NetName=GND Pin=U1-41
Added Pin To Net: NetName=A_GP0 Pin=U1-42
Added Pin To Net: NetName=A_GP1 Pin=U1-43
Added Pin To Net: NetName=A_GP2 Pin=U1-44
Added Pin To Net: NetName=SHDN-A Pin=U1-45
Added Pin To Net: NetName=NetU1_46 Pin=U1-46
Added Pin To Net: NetName=ADCSDO_PIC32SDI Pin=U1-47
Added Pin To Net: NetName=SCK Pin=U1-50
Added Pin To Net: NetName=ADCSDI_PIC32SDO Pin=U1-52
Added Pin To Net: NetName=NetU1_53 Pin=U1-53
Added Pin To Net: NetName=NetU1_54 Pin=U1-54
Added Pin To Net: NetName=NetU1_55 Pin=U1-55
Added Pin To Net: NetName=NetC5_1 Pin=U1-56
Added Pin To Net: NetName=+3.3V Pin=U1-57
Added Pin To Net: NetName=SHDN-B Pin=U1-59
Added Pin To Net: NetName=B_GP2 Pin=U1-60
Added Pin To Net: NetName=B_GP1 Pin=U1-61
Added Pin To Net: NetName=B_GP0 Pin=U1-62
Added Pin To Net: NetName=SHDN-C Pin=U1-63
Added Pin To Net: NetName=C_GP0 Pin=U1-64
Added Pin To Net: NetName=GND Pin=U1-65
Added Pin To Net: NetName=ADC_CH2_CH3_P Pin=U2-1
Added Pin To Net: NetName=ADC_CH2_CH3_N Pin=U2-2
Added Pin To Net: NetName=MUXOUT_ADCIN+ Pin=U2-3
Added Pin To Net: NetName=MUXOUT_ADCIN+ Pin=U2-4
Added Pin To Net: NetName=MUXOUT_ADCIN- Pin=U2-5
Added Pin To Net: NetName=MUXOUT_ADCIN- Pin=U2-6
Added Pin To Net: NetName=ADC_CH4_CH5_P Pin=U2-7
Added Pin To Net: NetName=ADC_CH4_CH5_N Pin=U2-8
Added Pin To Net: NetName=ADC_CH6_CH7_P Pin=U2-9
Added Pin To Net: NetName=ADC_CH6_CH7_N Pin=U2-10
Added Pin To Net: NetName=GND Pin=U2-11
Added Pin To Net: NetName=REFBUF Pin=U2-12
Added Pin To Net: NetName=REFIN Pin=U2-13
Added Pin To Net: NetName=GND Pin=U2-14
Added Pin To Net: NetName=GND Pin=U2-15
Added Pin To Net: NetName=NetU1_55 Pin=U2-16
Added Pin To Net: NetName=GND Pin=U2-17
Added Pin To Net: NetName=NetU1_54 Pin=U2-18
Added Pin To Net: NetName=NetU1_53 Pin=U2-19
Added Pin To Net: NetName=ADCSDI_PIC32SDO Pin=U2-20
Added Pin To Net: NetName=SCK Pin=U2-21
Added Pin To Net: NetName=ADCSDO_PIC32SDI Pin=U2-22
Added Pin To Net: NetName=GND Pin=U2-23
Added Pin To Net: NetName=NetU1_46 Pin=U2-24
Added Pin To Net: NetName=+3.3V Pin=U2-25
Added Pin To Net: NetName=GND Pin=U2-26
Added Pin To Net: NetName=GND Pin=U2-27
Added Pin To Net: NetName=VDDLBYP Pin=U2-28
Added Pin To Net: NetName=+5V Pin=U2-29
Added Pin To Net: NetName=GND Pin=U2-30
Added Pin To Net: NetName=ADC_CH0_CH1_P Pin=U2-31
Added Pin To Net: NetName=ADC_CH0_CH1_N Pin=U2-32
Added Pin To Net: NetName=GND Pin=U2-33
Added Pin To Net: NetName=+3.3V Pin=U3-1
Added Pin To Net: NetName=U1TX Pin=U3-2
Added Pin To Net: NetName=GND Pin=U3-4
Added Pin To Net: NetName=DOUT_P Pin=U3-7
Added Pin To Net: NetName=DOUT_N Pin=U3-8
Add Pin To Net: Unknown Pin: Pin U4-1
Add Pin To Net: Unknown Pin: Pin U4-2
Add Pin To Net: Unknown Pin: Pin U4-3
Add Pin To Net: Unknown Pin: Pin U4-4
Add Pin To Net: Unknown Pin: Pin U4-5
Add Pin To Net: Unknown Pin: Pin U4-6
Add Pin To Net: Unknown Pin: Pin U4-7
Add Pin To Net: Unknown Pin: Pin U4-8
Add Pin To Net: Unknown Pin: Pin U4-9
Add Pin To Net: Unknown Pin: Pin U4-10
Add Pin To Net: Unknown Pin: Pin U4-11
Add Pin To Net: Unknown Pin: Pin U4-12
Add Pin To Net: Unknown Pin: Pin U4-13
Add Pin To Net: Unknown Pin: Pin U4-14
Add Pin To Net: Unknown Pin: Pin U4-15
Add Pin To Net: Unknown Pin: Pin U4-16
Add Pin To Net: Unknown Pin: Pin U4-17
Add Pin To Net: Unknown Pin: Pin U4-18
Add Pin To Net: Unknown Pin: Pin U4-19
Add Pin To Net: Unknown Pin: Pin U4-20
Add Pin To Net: Unknown Pin: Pin U4-21
Add Pin To Net: Unknown Pin: Pin U4-22
Add Pin To Net: Unknown Pin: Pin U4-23
Add Pin To Net: Unknown Pin: Pin U4-24
Add Pin To Net: Unknown Pin: Pin U4-25
Add Pin To Net: Unknown Pin: Pin U4-26
Add Pin To Net: Unknown Pin: Pin U4-27
Add Pin To Net: Unknown Pin: Pin U4-28
Add Pin To Net: Unknown Pin: Pin U5-1
Add Pin To Net: Unknown Pin: Pin U5-2
Add Pin To Net: Unknown Pin: Pin U5-3
Add Pin To Net: Unknown Pin: Pin U5-4
Add Pin To Net: Unknown Pin: Pin U5-5
Add Pin To Net: Unknown Pin: Pin U5-6
Add Pin To Net: Unknown Pin: Pin U5-7
Add Pin To Net: Unknown Pin: Pin U5-8
Add Pin To Net: Unknown Pin: Pin U5-9
Add Pin To Net: Unknown Pin: Pin U5-10
Add Pin To Net: Unknown Pin: Pin U5-11
Add Pin To Net: Unknown Pin: Pin U5-12
Add Pin To Net: Unknown Pin: Pin U5-13
Add Pin To Net: Unknown Pin: Pin U5-14
Add Pin To Net: Unknown Pin: Pin U5-15
Add Pin To Net: Unknown Pin: Pin U5-16
Add Pin To Net: Unknown Pin: Pin U5-17
Add Pin To Net: Unknown Pin: Pin U5-18
Add Pin To Net: Unknown Pin: Pin U5-19
Add Pin To Net: Unknown Pin: Pin U5-20
Add Pin To Net: Unknown Pin: Pin U5-21
Add Pin To Net: Unknown Pin: Pin U5-22
Add Pin To Net: Unknown Pin: Pin U5-23
Add Pin To Net: Unknown Pin: Pin U5-24
Add Pin To Net: Unknown Pin: Pin U5-25
Add Pin To Net: Unknown Pin: Pin U5-26
Add Pin To Net: Unknown Pin: Pin U5-27
Add Pin To Net: Unknown Pin: Pin U5-28
Added Pin To Net: NetName=INP Pin=U6-1
Added Pin To Net: NetName=NetR26_2 Pin=U6-1
Added Pin To Net: NetName=GND Pin=U6-2
Added Pin To Net: NetName=NetC43_1 Pin=U6-2
Added Pin To Net: NetName=+5V Pin=U6-3
Added Pin To Net: NetName=GND Pin=U6-3
Added Pin To Net: NetName=MULTI Pin=U6-4
Added Pin To Net: NetName=NetR28_2 Pin=U6-4
Added Pin To Net: NetName=+3.3V Pin=U6-5
Added Pin To Net: NetName=NetR29_2 Pin=U6-5
Added Pin To Net: NetName=+3.3V Pin=U6-6
Added Pin To Net: NetName=GND Pin=U6-6
Added Pin To Net: NetName=BSW Pin=U6-7
Added Pin To Net: NetName=SHDN-A Pin=U6-7
Added Pin To Net: NetName=MULTI Pin=U6-8
Added Pin To Net: NetName=NetR27_2 Pin=U6-8
Added Pin To Net: NetName=MULTI Pin=U6-9
Added Pin To Net: NetName=MULTI Pin=U6-10
Added Pin To Net: NetName=MULTI Pin=U6-11
Added Pin To Net: NetName=OUTN Pin=U6-13
Added Pin To Net: NetName=OUTN Pin=U6-14
Added Pin To Net: NetName=-10V Pin=U6-15
Added Pin To Net: NetName=FBN Pin=U6-16
Added Pin To Net: NetName=VREF Pin=U6-17
Added Pin To Net: NetName=CN Pin=U6-18
Added Pin To Net: NetName=GND Pin=U6-19
Added Pin To Net: NetName=CP Pin=U6-21
Added Pin To Net: NetName=FBP Pin=U6-22
Added Pin To Net: NetName=+10.5V Pin=U6-23
Added Pin To Net: NetName=INP Pin=U6-24
Add Pin To Net: Unknown Pin: Pin U7-1
Add Pin To Net: Unknown Pin: Pin U7-2
Add Pin To Net: Unknown Pin: Pin U7-3
Add Pin To Net: Unknown Pin: Pin U7-4
Add Pin To Net: Unknown Pin: Pin U7-5
Add Pin To Net: Unknown Pin: Pin U7-6
Add Pin To Net: Unknown Pin: Pin U7-7
Add Pin To Net: Unknown Pin: Pin U7-8
Add Pin To Net: Unknown Pin: Pin U8-1
Add Pin To Net: Unknown Pin: Pin U8-2
Add Pin To Net: Unknown Pin: Pin U8-3
Add Pin To Net: Unknown Pin: Pin U8-4
Add Pin To Net: Unknown Pin: Pin U8-5
Add Pin To Net: Unknown Pin: Pin U8-6
Add Pin To Net: Unknown Pin: Pin U8-7
Add Pin To Net: Unknown Pin: Pin U8-8
Add Pin To Net: Unknown Pin: Pin U9-1
Add Pin To Net: Unknown Pin: Pin U9-2
Add Pin To Net: Unknown Pin: Pin U9-3
Add Pin To Net: Unknown Pin: Pin U9-4
Add Pin To Net: Unknown Pin: Pin U9-5
Add Pin To Net: Unknown Pin: Pin U9-6
Add Pin To Net: Unknown Pin: Pin U9-7
Add Pin To Net: Unknown Pin: Pin U9-8
Added Pin To Net: NetName=NetC6_1 Pin=X1-1
Added Pin To Net: NetName=NetC7_1 Pin=X1-2
Add Class Member: Failed to add class member : Component B1 1945164
Add Class Member: Failed to add class member : Component B2
Add Class Member: Failed to add class member : Component B3
Added Member To Class: ClassName=PIC32_Subsystem Member=Component C1 0.1uF
Added Member To Class: ClassName=PIC32_Subsystem Member=Component C2 0.1uF
Added Member To Class: ClassName=PIC32_Subsystem Member=Component C3 0.1uF
Added Member To Class: ClassName=PIC32_Subsystem Member=Component C4 0.1uF
Added Member To Class: ClassName=PIC32_Subsystem Member=Component C5 10uF
Added Member To Class: ClassName=PIC32_Subsystem Member=Component C6 18pF
Added Member To Class: ClassName=PIC32_Subsystem Member=Component C7 18pF
Added Member To Class: ClassName=PIC32_Subsystem Member=Component C8 0.1uF
Added Member To Class: ClassName=ADC_Subsystem Member=Component C9 47uF
Added Member To Class: ClassName=ADC_Subsystem Member=Component C10 0.1 uF
Added Member To Class: ClassName=ADC_Subsystem Member=Component C11 0.1 uF
Added Member To Class: ClassName=ADC_Subsystem Member=Component C12 2.2uF
Added Member To Class: ClassName=ADC_Subsystem Member=Component C13 10uF
Added Member To Class: ClassName=U5 Member=Component C14 C2012JB1A685K060AC
Added Member To Class: ClassName=U5 Member=Component C15 CC0603KRX7R7BB104
Added Member To Class: ClassName=U8 Member=Component C15 GQM1875C2ER10BB12D
Added Member To Class: ClassName=U5 Member=Component C16 CC0603KRX7R7BB104
Added Member To Class: ClassName=U5 Member=Component C17 C2012JB1A685K060AC
Added Member To Class: ClassName=U5 Member=Component C18 GRM3195C1H163JA01D
Added Member To Class: ClassName=U5 Member=Component C19 C2012JB1A685K060AC
Added Member To Class: ClassName=U5 Member=Component C20 GRM3195C1H163JA01D
Added Member To Class: ClassName=U5 Member=Component C21 CC0603KRX7R7BB104
Added Member To Class: ClassName=U5 Member=Component C22 CC0603KRX7R7BB104
Added Member To Class: ClassName=U4 Member=Component C23 C2012JB1A685K060AC
Added Member To Class: ClassName=U4 Member=Component C24 CC0603KRX7R7BB104
Added Member To Class: ClassName=U4 Member=Component C25 CC0603KRX7R7BB104
Added Member To Class: ClassName=U4 Member=Component C26 C2012JB1A685K060AC
Added Member To Class: ClassName=U4 Member=Component C27 GRM3195C1H163JA01D
Added Member To Class: ClassName=U4 Member=Component C28 C2012JB1A685K060AC
Added Member To Class: ClassName=U4 Member=Component C29 GRM3195C1H163JA01D
Added Member To Class: ClassName=U4 Member=Component C30 CC0603KRX7R7BB104
Added Member To Class: ClassName=U4 Member=Component C31 CC0603KRX7R7BB104
Added Member To Class: ClassName=U8 Member=Component C32 GQM1875C2ER10BB12D
Added Member To Class: ClassName=U8 Member=Component C33 CC0603KRX7R9BB392
Added Member To Class: ClassName=U8 Member=Component C34 CC0603KRX7R9BB392
Added Member To Class: ClassName=U8 Member=Component C35 CC0603KRX7R9BB392
Added Member To Class: ClassName=U8 Member=Component C36 CC0603KRX7R9BB392
Added Member To Class: ClassName=U8 Member=Component C37 CC0603KRX7R9BB392
Added Member To Class: ClassName=U8 Member=Component C38 CC0603KRX7R9BB392
Added Member To Class: ClassName=U6 Member=Component C39 GQM1875C2ER10BB12D
Added Member To Class: ClassName=U6 Member=Component C40 CC0603KRX7R9BB392
Added Member To Class: ClassName=U6 Member=Component C41 CC0603KRX7R9BB392
Added Member To Class: ClassName=U6 Member=Component C42 CC0603KRX7R9BB392
Added Member To Class: ClassName=U6 Member=Component C43 GQM1875C2ER10BB12D
Added Member To Class: ClassName=U6 Member=Component C44 CC0603KRX7R9BB392
Added Member To Class: ClassName=U6 Member=Component C45 CC0603KRX7R9BB392
Added Member To Class: ClassName=U6 Member=Component C46 CC0603KRX7R9BB392
Added Member To Class: ClassName=LMR51420 3.3V Member=Component C47 UMK212BBJ225MD-T
Added Member To Class: ClassName=LVDS_Driver_Subsystem Member=Component C47 10 uF
Added Member To Class: ClassName=LMR51420 3.3V Member=Component C48 C0603C104K4PAC7867
Added Member To Class: ClassName=LVDS_Driver_Subsystem Member=Component C48 0.1 uF
Added Member To Class: ClassName=LMR51420 3.3V Member=Component C49 Comment
Added Member To Class: ClassName=LMR51420 3.3V Member=Component C50 Comment
Added Member To Class: ClassName=LMR51420 5V Member=Component C51 UMK212BBJ225MD-T
Added Member To Class: ClassName=LMR51420 5V Member=Component C52 C0603C104K4PAC7867
Added Member To Class: ClassName=LMR51420 5V Member=Component C53 Comment
Added Member To Class: ClassName=LMR51420 5V Member=Component C54 Comment
Added Member To Class: ClassName=TPS6513x Member=Component C55 Comment
Added Member To Class: ClassName=TPS6513x Member=Component C56 Comment
Added Member To Class: ClassName=TPS6513x Member=Component C57 C0402C104K8PAC
Added Member To Class: ClassName=TPS6513x Member=Component C58 Comment
Added Member To Class: ClassName=TPS6513x Member=Component C59 Comment
Added Member To Class: ClassName=TPS6513x Member=Component C60 C1206C472J5GAC
Added Member To Class: ClassName=TPS6513x Member=Component C61 C0402C103J4RAC
Added Member To Class: ClassName=TPS6513x Member=Component C62 Comment
Added Member To Class: ClassName=TPS6513x Member=Component C63 CGA1A2C0G1E6R8D030BA
Added Member To Class: ClassName=TPS6513x Member=Component C64 C0805C759D5GACTU
Added Member To Class: ClassName=PIC32_Subsystem Member=Component C? 06031A180JAT2A
Added Member To Class: ClassName=TPS6513x Member=Component D1 MBRM120ET3G
Added Member To Class: ClassName=TPS6513x Member=Component D2 MBRM120ET3G
Add Class Member: Failed to add class member : Component HDR1 Header 2x5
Added Member To Class: ClassName=ICD4_INTERFACE_MODULE Member=Component J2 ICSP_HDR
Added Member To Class: ClassName=TPS6513x Member=Component L1 7447789004
Added Member To Class: ClassName=TPS6513x Member=Component L2 7447789004
Added Member To Class: ClassName=LMR51420 3.3V Member=Component L3 MSS1260H-822MED
Added Member To Class: ClassName=LMR51420 5V Member=Component L4 Inductor
Added Member To Class: ClassName=PIC32_Subsystem Member=Component MCLR 434121043816
Added Member To Class: ClassName=TPS6513x Member=Component Q1 Comment
Added Member To Class: ClassName=PIC32_Subsystem Member=Component R1 0R
Added Member To Class: ClassName=PIC32_Subsystem Member=Component R2 1M
Added Member To Class: ClassName=PIC32_Subsystem Member=Component R3 10k
Added Member To Class: ClassName=U5 Member=Component R4 RC0805FR-071KL
Added Member To Class: ClassName=U5 Member=Component R5 RC0805FR-071KL
Added Member To Class: ClassName=U4 Member=Component R6 RC0805FR-071KL
Added Member To Class: ClassName=U4 Member=Component R7 RC0805FR-071KL
Added Member To Class: ClassName=U8 Member=Component R8 ERJ-6ENF1241V
Added Member To Class: ClassName=U8 Member=Component R9 ERJ-6ENF1241V
Added Member To Class: ClassName=U8 Member=Component R10 RC0805FR-071KL
Added Member To Class: ClassName=U8 Member=Component R11 RC0805FR-071KL
Added Member To Class: ClassName=U8 Member=Component R12 CRCW060335K7FKEA
Added Member To Class: ClassName=U8 Member=Component R13 CRCW060335K7FKEA
Added Member To Class: ClassName=U8 Member=Component R14 ERJ-6ENF1241V
Added Member To Class: ClassName=U8 Member=Component R15 ERJ-6ENF1241V
Added Member To Class: ClassName=U8 Member=Component R16 RC0805FR-071KL
Added Member To Class: ClassName=U8 Member=Component R17 RC0805FR-071KL
Added Member To Class: ClassName=U8 Member=Component R18 CRCW060335K7FKEA
Added Member To Class: ClassName=U8 Member=Component R19 CRCW060335K7FKEA
Added Member To Class: ClassName=U6 Member=Component R20 ERJ-6ENF1241V
Added Member To Class: ClassName=U6 Member=Component R21 ERJ-6ENF1241V
Added Member To Class: ClassName=U6 Member=Component R22 RC0805FR-071KL
Added Member To Class: ClassName=U6 Member=Component R23 RC0805FR-071KL
Added Member To Class: ClassName=U6 Member=Component R24 CRCW060335K7FKEA
Added Member To Class: ClassName=U6 Member=Component R25 CRCW060335K7FKEA
Added Member To Class: ClassName=U6 Member=Component R26 ERJ-6ENF1241V
Added Member To Class: ClassName=U6 Member=Component R27 ERJ-6ENF1241V
Added Member To Class: ClassName=U6 Member=Component R28 RC0805FR-071KL
Added Member To Class: ClassName=U6 Member=Component R29 RC0805FR-071KL
Added Member To Class: ClassName=U6 Member=Component R30 CRCW060335K7FKEA
Added Member To Class: ClassName=U6 Member=Component R31 CRCW060335K7FKEA
Added Member To Class: ClassName=LMR51420 3.3V Member=Component R32 RK73G2ATTD1003F
Added Member To Class: ClassName=LMR51420 3.3V Member=Component R33 RMCF0805FG22K1
Added Member To Class: ClassName=LMR51420 5V Member=Component R34 RK73G2ATTD1003F
Added Member To Class: ClassName=LMR51420 5V Member=Component R35 RMCF0805FT13K7CT-ND
Added Member To Class: ClassName=TPS6513x Member=Component R36 ESR01MZPF1004
Added Member To Class: ClassName=TPS6513x Member=Component R37 SFR03EZPF1303
Added Member To Class: ClassName=TPS6513x Member=Component R38 Comment
Added Member To Class: ClassName=TPS6513x Member=Component R39 Comment
Added Member To Class: ClassName=TPS6513x Member=Component R40 Comment
Added Member To Class: ClassName=TPS6513x Member=Component R41 AC0603FR-10100RL
Added Member To Class: ClassName=PIC32_Subsystem Member=Component U1 PIC32MX470-F512H-120MR
Added Member To Class: ClassName=ADC_Subsystem Member=Component U2 LTC2373CUH-16#PBF
Added Member To Class: ClassName=LVDS_Driver_Subsystem Member=Component U3 ADN4661BRZ
Add Class Member: Failed to add class member : Component U4 THS7002CPWP
Add Class Member: Failed to add class member : Component U5 THS7002CPWP
Added Member To Class: ClassName=TPS6513x Member=Component U6 TPS6513x
Added Member To Class: ClassName=U6 Member=Component U6 LTC6362HMS8#PBF
Add Class Member: Failed to add class member : Component U7 LTC6362HMS8#PBF
Add Class Member: Failed to add class member : Component U8 LTC6362HMS8#PBF
Add Class Member: Failed to add class member : Component U9 LTC6362HMS8#PBF
Added Member To Class: ClassName=PIC32_Subsystem Member=Component X1 20MHz
