Removed Pin From Net: NetName=+3.3V Pin=C49-7
Removed Pin From Net: NetName=GND Pin=C49-8
Removed Pin From Net: NetName=+3.3V Pin=C50-7
Removed Pin From Net: NetName=GND Pin=C50-8
Removed Pin From Net: NetName=+5V Pin=C53-7
Removed Pin From Net: NetName=GND Pin=C53-8
Removed Pin From Net: NetName=+5V Pin=C54-7
Removed Pin From Net: NetName=GND Pin=C54-8
Removed Pin From Net: NetName=GND Pin=C55-13
Removed Pin From Net: NetName=Qnet Pin=C55-14
Removed Pin From Net: NetName=+3.3V Pin=C56-13
Removed Pin From Net: NetName=GND Pin=C56-14
Removed Pin From Net: NetName=MULTI Pin=C57-1
Removed Pin From Net: NetName=GND Pin=C58-7
Removed Pin From Net: NetName=GND Pin=C59-7
Removed Pin From Net: NetName=+3.3V Pin=L3-7
Removed Pin From Net: NetName=SW1 Pin=L3-8
Removed Pin From Net: NetName=+5V Pin=L4-7
Removed Pin From Net: NetName=SW2 Pin=L4-8
Removed Pin From Net: NetName=GND Pin=L5-1
Removed Pin From Net: NetName=OUTN Pin=L5-2
Removed Pin From Net: NetName=Qnet Pin=L6-1
Removed Pin From Net: NetName=INP Pin=L6-2
Removed Pin From Net: NetName=+3.3V Pin=Q2-15
Removed Pin From Net: NetName=BSW Pin=Q2-16
Removed Pin From Net: NetName=Qnet Pin=Q2-17
Removed Pin From Net: NetName=NetR4_2 Pin=R4-1
Removed Pin From Net: NetName=NetC18_1 Pin=R4-2
Removed Pin From Net: NetName=NetC20_1 Pin=R5-2
Removed Pin From Net: NetName=GND Pin=R35-10
Removed Pin From Net: NetName=FBP Pin=R36-7
Removed Pin From Net: NetName=FBP Pin=R37-5
Removed Pin From Net: NetName=GND Pin=R37-6
Removed Pin From Net: NetName=FBN Pin=R38-7
Removed Pin From Net: NetName=VREF Pin=R39-9
Removed Pin From Net: NetName=FBN Pin=R40-8
Removed Pin From Net: NetName=GND Pin=U4-29
Removed Pin From Net: NetName=GND Pin=U4-30
Removed Pin From Net: NetName=GND Pin=U4-31
Removed Pin From Net: NetName=GND Pin=U4-32
Removed Pin From Net: NetName=GND Pin=U4-33
Removed Pin From Net: NetName=GND Pin=U4-34
Removed Pin From Net: NetName=GND Pin=U4-35
Removed Pin From Net: NetName=GND Pin=U4-36
Removed Pin From Net: NetName=GND Pin=U4-37
Removed Pin From Net: NetName=GND Pin=U4-38
Removed Pin From Net: NetName=GND Pin=U4-39
Removed Pin From Net: NetName=GND Pin=U4-40
Removed Pin From Net: NetName=GND Pin=U4-41
Removed Pin From Net: NetName=GND Pin=U4-42
Removed Pin From Net: NetName=GND Pin=U4-43
Removed Pin From Net: NetName=GND Pin=U4-44
Removed Pin From Net: NetName=GND Pin=U4-45
Removed Pin From Net: NetName=GND Pin=U4-46
Removed Pin From Net: NetName=GND Pin=U4-47
Removed Pin From Net: NetName=GND Pin=U5-29
Removed Pin From Net: NetName=GND Pin=U5-29
Removed Pin From Net: NetName=GND Pin=U5-29
Removed Pin From Net: NetName=GND Pin=U5-29
Removed Pin From Net: NetName=GND Pin=U5-29
Removed Pin From Net: NetName=GND Pin=U5-29
Removed Pin From Net: NetName=GND Pin=U5-29
Removed Pin From Net: NetName=GND Pin=U5-29
Removed Pin From Net: NetName=GND Pin=U5-29
Removed Pin From Net: NetName=GND Pin=U5-29
Removed Pin From Net: NetName=GND Pin=U5-29
Removed Pin From Net: NetName=GND Pin=U5-29
Removed Pin From Net: NetName=GND Pin=U5-29
Removed Pin From Net: NetName=GND Pin=U5-29
Removed Pin From Net: NetName=GND Pin=U5-29
Removed Pin From Net: NetName=GND Pin=U5-29
Removed Pin From Net: NetName=GND Pin=U5-29
Removed Pin From Net: NetName=GND Pin=U5-29
Removed Pin From Net: NetName=GND Pin=U5-29
Removed Pin From Net: NetName=BSW Pin=U6-BSW
Removed Pin From Net: NetName=CN Pin=U6-CN
Removed Pin From Net: NetName=CP Pin=U6-CP
Removed Pin From Net: NetName=MULTI Pin=U6-ENN
Removed Pin From Net: NetName=MULTI Pin=U6-ENP
Removed Pin From Net: NetName=FBN Pin=U6-FBN
Removed Pin From Net: NetName=FBP Pin=U6-FBP
Removed Pin From Net: NetName=+3.3V Pin=U6-INN
Removed Pin From Net: NetName=+3.3V Pin=U6-INN
Removed Pin From Net: NetName=INP Pin=U6-INP
Removed Pin From Net: NetName=INP Pin=U6-INP
Removed Pin From Net: NetName=OUTN Pin=U6-OUTN
Removed Pin From Net: NetName=OUTN Pin=U6-OUTN
Removed Pin From Net: NetName=GND Pin=U6-PGND
Removed Pin From Net: NetName=GND Pin=U6-PGND
Removed Pin From Net: NetName=MULTI Pin=U6-PSN
Removed Pin From Net: NetName=MULTI Pin=U6-PSP
Removed Pin From Net: NetName=MULTI Pin=U6-Vin
Removed Pin From Net: NetName=VREF Pin=U6-VREF
Removed Member From Class: ClassName=LMR51420 5V Member=B1
Change Component Footprint: Designator=C21 Old Footprint=FP-CC0603-DA-MFG New Footprint=FP-C2012-060-0_2-IPC_A
Change Component Footprint: Designator=C22 Old Footprint=FP-CC0603-DA-MFG New Footprint=FP-C2012-060-0_2-IPC_A
Change Component Footprint: Designator=R4 Old Footprint=RESC2013X60X35ML10T20 New Footprint=RESC2013X50X30LL20T20
Change Component Footprint: Designator=R5 Old Footprint=RESC2013X60X35ML10T20 New Footprint=RESC2013X50X30LL20T20
Change Component Footprint: Designator=R6 Old Footprint=RESC2013X60X35ML10T20 New Footprint=RESC2013X50X30LL20T20
Change Component Footprint: Designator=R7 Old Footprint=RESC2013X60X35ML10T20 New Footprint=RESC2013X50X30LL20T20
Change Footprint: Footprint Not Found THS7002CPWP
Change Footprint: Footprint Not Found THS7002CPWP
Change Component Comment : Designator=C21 Old Comment=CC0603KRX7R7BB104 New Comment=C2012JB1A685K060AC
Change Component Comment : Designator=C22 Old Comment=CC0603KRX7R7BB104 New Comment=C2012JB1A685K060AC
Change Component Comment : Designator=R4 Old Comment=Comment New Comment=CRCW08050000Z0EA
Change Component Comment : Designator=R5 Old Comment=Comment New Comment=CRCW08050000Z0EA
Change Component Comment : Designator=R6 Old Comment=Comment New Comment=CRCW08050000Z0EA
Change Component Comment : Designator=R7 Old Comment=Comment New Comment=CRCW08050000Z0EA
Change Managed Component Library Link : Designator=C21 Old VaultGUID=B7D15EC3-160A-466F-A46C-7801FE6295A7 New VaultGUID=B7D15EC3-160A-466F-A46C-7801FE6295A7 Old ItemGUID=8904CBCA-262F-43A9-9B8E-7C7FF65B204E New ItemGUID=9758915B-81C1-412E-9C3F-8B676BA2F088 Old RevisionGUID=56C2C38C-79CC-4AD3-8C20-38E387904425 New RevisionGUID=1EC9A6A9-AA85-4EAA-9A2D-C5AFB35654A9
Change Managed Component Library Link : Designator=C22 Old VaultGUID=B7D15EC3-160A-466F-A46C-7801FE6295A7 New VaultGUID=B7D15EC3-160A-466F-A46C-7801FE6295A7 Old ItemGUID=8904CBCA-262F-43A9-9B8E-7C7FF65B204E New ItemGUID=9758915B-81C1-412E-9C3F-8B676BA2F088 Old RevisionGUID=56C2C38C-79CC-4AD3-8C20-38E387904425 New RevisionGUID=1EC9A6A9-AA85-4EAA-9A2D-C5AFB35654A9
Change Managed Component Library Link : Designator=R4 Old VaultGUID= New VaultGUID=B7D15EC3-160A-466F-A46C-7801FE6295A7 Old ItemGUID= New ItemGUID=78462138-499A-4A0D-A527-3027AB8F838F Old RevisionGUID= New RevisionGUID=B8426C4C-D616-46EA-83DD-42D624EF6A27
Change Managed Component Library Link : Designator=R5 Old VaultGUID= New VaultGUID=B7D15EC3-160A-466F-A46C-7801FE6295A7 Old ItemGUID= New ItemGUID=78462138-499A-4A0D-A527-3027AB8F838F Old RevisionGUID= New RevisionGUID=B8426C4C-D616-46EA-83DD-42D624EF6A27
Change Managed Component Library Link : Designator=R6 Old VaultGUID= New VaultGUID=B7D15EC3-160A-466F-A46C-7801FE6295A7 Old ItemGUID= New ItemGUID=78462138-499A-4A0D-A527-3027AB8F838F Old RevisionGUID= New RevisionGUID=B8426C4C-D616-46EA-83DD-42D624EF6A27
Change Managed Component Library Link : Designator=R7 Old VaultGUID= New VaultGUID=B7D15EC3-160A-466F-A46C-7801FE6295A7 Old ItemGUID= New ItemGUID=78462138-499A-4A0D-A527-3027AB8F838F Old RevisionGUID= New RevisionGUID=B8426C4C-D616-46EA-83DD-42D624EF6A27
Change component parameters: Designator = "C21" ("C21"); Footprint = "FP-CC0603-DA-MFG"; UniqueID = "\ZMODOQIX\JDUYTCEY\JBDBOHHC" ("\ZMODOQIX\JDUYTCEY\JBDBOHHC")
Change component parameters (AddParameter): Name = "Capacitance"; Value = "6.8uF"; VariantName = "[No Variations]"
Change component parameters (AddParameter): Name = "Case Code (Imperial)"; Value = "2012"; VariantName = "[No Variations]"
Change component parameters (AddParameter): Name = "Case Code (Metric)"; Value = "5032"; VariantName = "[No Variations]"
Change component parameters (AddParameter): Name = "Case/Package"; Value = "0805"; VariantName = "[No Variations]"
Change component parameters (AddParameter): Name = "Dielectric Material"; Value = "Ceramic"; VariantName = "[No Variations]"
Change component parameters (AddParameter): Name = "Lead Free"; Value = "Lead Free"; VariantName = "[No Variations]"
Change component parameters (AddParameter): Name = "Length"; Value = "0.079inch"; VariantName = "[No Variations]"
Change component parameters (AddParameter): Name = "Max Operating Temperature"; Value = "85°C"; VariantName = "[No Variations]"
Change component parameters (AddParameter): Name = "Min Operating Temperature"; Value = "-25°C"; VariantName = "[No Variations]"
Change component parameters (AddParameter): Name = "Mount"; Value = "Surface Mount"; VariantName = "[No Variations]"
Change component parameters (AddParameter): Name = "Package Quantity"; Value = "4000"; VariantName = "[No Variations]"
Change component parameters (AddParameter): Name = "Packaging"; Value = "Tape and Reel"; VariantName = "[No Variations]"
Change component parameters (AddParameter): Name = "RoHS Compliant"; Value = "Yes"; VariantName = "[No Variations]"
Change component parameters (AddParameter): Name = "Series"; Value = "C"; VariantName = "[No Variations]"
Change component parameters (AddParameter): Name = "Thickness"; Value = "0.028inch"; VariantName = "[No Variations]"
Change component parameters (AddParameter): Name = "Tolerance"; Value = "10%"; VariantName = "[No Variations]"
Change component parameters (AddParameter): Name = "Voltage Rating"; Value = "10V"; VariantName = "[No Variations]"
Change component parameters (AddParameter): Name = "Voltage Rating (DC)"; Value = "10V"; VariantName = "[No Variations]"
Change component parameters (AddParameter): Name = "Width"; Value = "0.049inch"; VariantName = "[No Variations]"
Change component parameters: Designator = "C22" ("C22"); Footprint = "FP-CC0603-DA-MFG"; UniqueID = "\ZMODOQIX\JDUYTCEY\YPMALDVF" ("\ZMODOQIX\JDUYTCEY\YPMALDVF")
Change component parameters (AddParameter): Name = "Capacitance"; Value = "6.8uF"; VariantName = "[No Variations]"
Change component parameters (AddParameter): Name = "Case Code (Imperial)"; Value = "2012"; VariantName = "[No Variations]"
Change component parameters (AddParameter): Name = "Case Code (Metric)"; Value = "5032"; VariantName = "[No Variations]"
Change component parameters (AddParameter): Name = "Case/Package"; Value = "0805"; VariantName = "[No Variations]"
Change component parameters (AddParameter): Name = "Dielectric Material"; Value = "Ceramic"; VariantName = "[No Variations]"
Change component parameters (AddParameter): Name = "Lead Free"; Value = "Lead Free"; VariantName = "[No Variations]"
Change component parameters (AddParameter): Name = "Length"; Value = "0.079inch"; VariantName = "[No Variations]"
Change component parameters (AddParameter): Name = "Max Operating Temperature"; Value = "85°C"; VariantName = "[No Variations]"
Change component parameters (AddParameter): Name = "Min Operating Temperature"; Value = "-25°C"; VariantName = "[No Variations]"
Change component parameters (AddParameter): Name = "Mount"; Value = "Surface Mount"; VariantName = "[No Variations]"
Change component parameters (AddParameter): Name = "Package Quantity"; Value = "4000"; VariantName = "[No Variations]"
Change component parameters (AddParameter): Name = "Packaging"; Value = "Tape and Reel"; VariantName = "[No Variations]"
Change component parameters (AddParameter): Name = "RoHS Compliant"; Value = "Yes"; VariantName = "[No Variations]"
Change component parameters (AddParameter): Name = "Series"; Value = "C"; VariantName = "[No Variations]"
Change component parameters (AddParameter): Name = "Thickness"; Value = "0.028inch"; VariantName = "[No Variations]"
Change component parameters (AddParameter): Name = "Tolerance"; Value = "10%"; VariantName = "[No Variations]"
Change component parameters (AddParameter): Name = "Voltage Rating"; Value = "10V"; VariantName = "[No Variations]"
Change component parameters (AddParameter): Name = "Voltage Rating (DC)"; Value = "10V"; VariantName = "[No Variations]"
Change component parameters (AddParameter): Name = "Width"; Value = "0.049inch"; VariantName = "[No Variations]"
Change component parameters: Designator = "C49" ("C49"); Footprint = "Cap22uF_C1206C226M4PAC7800"; UniqueID = "\HJCTLMJN\FZUBLVVM\SANOTQJD" ("\HJCTLMJN\FZUBLVVM\SANOTQJD")
Change component parameters (AddParameter): Name = "LatestRevisionDate"; Value = "17-Jul-2002"; VariantName = "[No Variations]"
Change component parameters (AddParameter): Name = "LatestRevisionNote"; Value = "Re-released for DXP Platform."; VariantName = "[No Variations]"
Change component parameters (AddParameter): Name = "PackageDescription"; Value = "Radial Cap, Thru-Hole; 2 Leads; 0.3 in Pin Spacing"; VariantName = "[No Variations]"
Change component parameters (AddParameter): Name = "PackageReference"; Value = "RAD-0.3"; VariantName = "[No Variations]"
Change component parameters (AddParameter): Name = "Published"; Value = "8-Jun-2000"; VariantName = "[No Variations]"
Change component parameters (AddParameter): Name = "Publisher"; Value = "Altium Limited"; VariantName = "[No Variations]"
Change component parameters (AddParameter): Name = "Value"; Value = "22uF"; VariantName = "[No Variations]"
Change component parameters: Designator = "C50" ("C50"); Footprint = "Cap22uF_C1206C226M4PAC7800"; UniqueID = "\HJCTLMJN\FZUBLVVM\BNKPCIBX" ("\HJCTLMJN\FZUBLVVM\BNKPCIBX")
Change component parameters (AddParameter): Name = "LatestRevisionDate"; Value = "17-Jul-2002"; VariantName = "[No Variations]"
Change component parameters (AddParameter): Name = "LatestRevisionNote"; Value = "Re-released for DXP Platform."; VariantName = "[No Variations]"
Change component parameters (AddParameter): Name = "PackageDescription"; Value = "Radial Cap, Thru-Hole; 2 Leads; 0.3 in Pin Spacing"; VariantName = "[No Variations]"
Change component parameters (AddParameter): Name = "PackageReference"; Value = "RAD-0.3"; VariantName = "[No Variations]"
Change component parameters (AddParameter): Name = "Published"; Value = "8-Jun-2000"; VariantName = "[No Variations]"
Change component parameters (AddParameter): Name = "Publisher"; Value = "Altium Limited"; VariantName = "[No Variations]"
Change component parameters (AddParameter): Name = "Value"; Value = "22uF"; VariantName = "[No Variations]"
Change component parameters: Designator = "C53" ("C53"); Footprint = "Cap22uF_C1206C226M4PAC7800"; UniqueID = "\HJCTLMJN\LCIRVPEO\PEOOFASJ" ("\HJCTLMJN\LCIRVPEO\PEOOFASJ")
Change component parameters (AddParameter): Name = "LatestRevisionDate"; Value = "17-Jul-2002"; VariantName = "[No Variations]"
Change component parameters (AddParameter): Name = "LatestRevisionNote"; Value = "Re-released for DXP Platform."; VariantName = "[No Variations]"
Change component parameters (AddParameter): Name = "PackageDescription"; Value = "Radial Cap, Thru-Hole; 2 Leads; 0.3 in Pin Spacing"; VariantName = "[No Variations]"
Change component parameters (AddParameter): Name = "PackageReference"; Value = "RAD-0.3"; VariantName = "[No Variations]"
Change component parameters (AddParameter): Name = "Published"; Value = "8-Jun-2000"; VariantName = "[No Variations]"
Change component parameters (AddParameter): Name = "Publisher"; Value = "Altium Limited"; VariantName = "[No Variations]"
Change component parameters (AddParameter): Name = "Value"; Value = "22uF"; VariantName = "[No Variations]"
Change component parameters: Designator = "C54" ("C54"); Footprint = "Cap22uF_C1206C226M4PAC7800"; UniqueID = "\HJCTLMJN\LCIRVPEO\JMPSRNMM" ("\HJCTLMJN\LCIRVPEO\JMPSRNMM")
Change component parameters (AddParameter): Name = "LatestRevisionDate"; Value = "17-Jul-2002"; VariantName = "[No Variations]"
Change component parameters (AddParameter): Name = "LatestRevisionNote"; Value = "Re-released for DXP Platform."; VariantName = "[No Variations]"
Change component parameters (AddParameter): Name = "PackageDescription"; Value = "Radial Cap, Thru-Hole; 2 Leads; 0.3 in Pin Spacing"; VariantName = "[No Variations]"
Change component parameters (AddParameter): Name = "PackageReference"; Value = "RAD-0.3"; VariantName = "[No Variations]"
Change component parameters (AddParameter): Name = "Published"; Value = "8-Jun-2000"; VariantName = "[No Variations]"
Change component parameters (AddParameter): Name = "Publisher"; Value = "Altium Limited"; VariantName = "[No Variations]"
Change component parameters (AddParameter): Name = "Value"; Value = "22uF"; VariantName = "[No Variations]"
Change component parameters: Designator = "C55" ("C55"); Footprint = "4.7uF_C1206C475K3RACAUTO"; UniqueID = "\HJCTLMJN\KKTYPOID\OXYJTXYW" ("\HJCTLMJN\KKTYPOID\OXYJTXYW")
Change component parameters (AddParameter): Name = "LatestRevisionDate"; Value = "17-Jul-2002"; VariantName = "[No Variations]"
Change component parameters (AddParameter): Name = "LatestRevisionNote"; Value = "Re-released for DXP Platform."; VariantName = "[No Variations]"
Change component parameters (AddParameter): Name = "PackageDescription"; Value = "Radial Cap, Thru-Hole; 2 Leads; 0.3 in Pin Spacing"; VariantName = "[No Variations]"
Change component parameters (AddParameter): Name = "PackageReference"; Value = "RAD-0.3"; VariantName = "[No Variations]"
Change component parameters (AddParameter): Name = "Published"; Value = "8-Jun-2000"; VariantName = "[No Variations]"
Change component parameters (AddParameter): Name = "Publisher"; Value = "Altium Limited"; VariantName = "[No Variations]"
Change component parameters (AddParameter): Name = "Value"; Value = "4.7uF"; VariantName = "[No Variations]"
Change component parameters: Designator = "C56" ("C56"); Footprint = "4.7uF_C1206C475K3RACAUTO"; UniqueID = "\HJCTLMJN\KKTYPOID\XWYJAMGE" ("\HJCTLMJN\KKTYPOID\XWYJAMGE")
Change component parameters (AddParameter): Name = "LatestRevisionDate"; Value = "17-Jul-2002"; VariantName = "[No Variations]"
Change component parameters (AddParameter): Name = "LatestRevisionNote"; Value = "Re-released for DXP Platform."; VariantName = "[No Variations]"
Change component parameters (AddParameter): Name = "PackageDescription"; Value = "Radial Cap, Thru-Hole; 2 Leads; 0.3 in Pin Spacing"; VariantName = "[No Variations]"
Change component parameters (AddParameter): Name = "PackageReference"; Value = "RAD-0.3"; VariantName = "[No Variations]"
Change component parameters (AddParameter): Name = "Published"; Value = "8-Jun-2000"; VariantName = "[No Variations]"
Change component parameters (AddParameter): Name = "Publisher"; Value = "Altium Limited"; VariantName = "[No Variations]"
Change component parameters (AddParameter): Name = "Value"; Value = "4.7uF"; VariantName = "[No Variations]"
Change component parameters: Designator = "C58" ("C58"); Footprint = "Cap22uF_C1206C226M4PAC7800"; UniqueID = "\HJCTLMJN\KKTYPOID\DUCVRXKY" ("\HJCTLMJN\KKTYPOID\DUCVRXKY")
Change component parameters (AddParameter): Name = "LatestRevisionDate"; Value = "17-Jul-2002"; VariantName = "[No Variations]"
Change component parameters (AddParameter): Name = "LatestRevisionNote"; Value = "Re-released for DXP Platform."; VariantName = "[No Variations]"
Change component parameters (AddParameter): Name = "PackageDescription"; Value = "Radial Cap, Thru-Hole; 2 Leads; 0.3 in Pin Spacing"; VariantName = "[No Variations]"
Change component parameters (AddParameter): Name = "PackageReference"; Value = "RAD-0.3"; VariantName = "[No Variations]"
Change component parameters (AddParameter): Name = "Published"; Value = "8-Jun-2000"; VariantName = "[No Variations]"
Change component parameters (AddParameter): Name = "Publisher"; Value = "Altium Limited"; VariantName = "[No Variations]"
Change component parameters (AddParameter): Name = "Value"; Value = "22uF"; VariantName = "[No Variations]"
Change component parameters: Designator = "C59" ("C59"); Footprint = "Cap22uF_C1206C226M4PAC7800"; UniqueID = "\HJCTLMJN\KKTYPOID\SAEKQHWK" ("\HJCTLMJN\KKTYPOID\SAEKQHWK")
Change component parameters (AddParameter): Name = "LatestRevisionDate"; Value = "17-Jul-2002"; VariantName = "[No Variations]"
Change component parameters (AddParameter): Name = "LatestRevisionNote"; Value = "Re-released for DXP Platform."; VariantName = "[No Variations]"
Change component parameters (AddParameter): Name = "PackageDescription"; Value = "Radial Cap, Thru-Hole; 2 Leads; 0.3 in Pin Spacing"; VariantName = "[No Variations]"
Change component parameters (AddParameter): Name = "PackageReference"; Value = "RAD-0.3"; VariantName = "[No Variations]"
Change component parameters (AddParameter): Name = "Published"; Value = "8-Jun-2000"; VariantName = "[No Variations]"
Change component parameters (AddParameter): Name = "Publisher"; Value = "Altium Limited"; VariantName = "[No Variations]"
Change component parameters (AddParameter): Name = "Value"; Value = "22uF"; VariantName = "[No Variations]"
Change component parameters: Designator = "C62" ("C62"); Footprint = "PCBComponent_1"; UniqueID = "\HJCTLMJN\KKTYPOID\GQGQVVUS" ("\HJCTLMJN\KKTYPOID\GQGQVVUS")
Change component parameters (AddParameter): Name = "LatestRevisionDate"; Value = "17-Jul-2002"; VariantName = "[No Variations]"
Change component parameters (AddParameter): Name = "LatestRevisionNote"; Value = "Re-released for DXP Platform."; VariantName = "[No Variations]"
Change component parameters (AddParameter): Name = "PackageDescription"; Value = "Radial Cap, Thru-Hole; 2 Leads; 0.3 in Pin Spacing"; VariantName = "[No Variations]"
Change component parameters (AddParameter): Name = "PackageReference"; Value = "RAD-0.3"; VariantName = "[No Variations]"
Change component parameters (AddParameter): Name = "Published"; Value = "8-Jun-2000"; VariantName = "[No Variations]"
Change component parameters (AddParameter): Name = "Publisher"; Value = "Altium Limited"; VariantName = "[No Variations]"
Change component parameters (AddParameter): Name = "Value"; Value = "220nF"; VariantName = "[No Variations]"
Change component parameters: Designator = "L3" ("L3"); Footprint = "MSS1246H-103MED 10uH"; UniqueID = "\HJCTLMJN\FZUBLVVM\WHAXLAHI" ("\HJCTLMJN\FZUBLVVM\WHAXLAHI")
Change component parameters (AddParameter): Name = "Code_IEC"; Value = "1005"; VariantName = "[No Variations]"
Change component parameters (AddParameter): Name = "Code_JEITA"; Value = "0402"; VariantName = "[No Variations]"
Change component parameters (AddParameter): Name = "LatestRevisionDate"; Value = "29-May-2009"; VariantName = "[No Variations]"
Change component parameters (AddParameter): Name = "LatestRevisionNote"; Value = "IPC-7351 Footprint Added."; VariantName = "[No Variations]"
Change component parameters (AddParameter): Name = "PackageDescription"; Value = "Chip Inductor"; VariantName = "[No Variations]"
Change component parameters (AddParameter): Name = "PackageReference"; Value = "0402-A"; VariantName = "[No Variations]"
Change component parameters (AddParameter): Name = "Published"; Value = "8-Jun-2000"; VariantName = "[No Variations]"
Change component parameters (AddParameter): Name = "Publisher"; Value = "Altium Limited"; VariantName = "[No Variations]"
Change component parameters (AddParameter): Name = "Value"; Value = "8.2uH"; VariantName = "[No Variations]"
Change component parameters: Designator = "L4" ("L4"); Footprint = "MSS1246H-103MED 10uH"; UniqueID = "\HJCTLMJN\LCIRVPEO\MSGTOMNN" ("\HJCTLMJN\LCIRVPEO\MSGTOMNN")
Change component parameters (AddParameter): Name = "Code_IEC"; Value = "1005"; VariantName = "[No Variations]"
Change component parameters (AddParameter): Name = "Code_JEITA"; Value = "0402"; VariantName = "[No Variations]"
Change component parameters (AddParameter): Name = "LatestRevisionDate"; Value = "29-May-2009"; VariantName = "[No Variations]"
Change component parameters (AddParameter): Name = "LatestRevisionNote"; Value = "IPC-7351 Footprint Added."; VariantName = "[No Variations]"
Change component parameters (AddParameter): Name = "PackageDescription"; Value = "Chip Inductor"; VariantName = "[No Variations]"
Change component parameters (AddParameter): Name = "PackageReference"; Value = "0402-A"; VariantName = "[No Variations]"
Change component parameters (AddParameter): Name = "Published"; Value = "8-Jun-2000"; VariantName = "[No Variations]"
Change component parameters (AddParameter): Name = "Publisher"; Value = "Altium Limited"; VariantName = "[No Variations]"
Change component parameters (AddParameter): Name = "Value"; Value = "10uH"; VariantName = "[No Variations]"
Change component parameters: Designator = "R4" ("R4"); Footprint = "RESC2013X60X35ML10T20"; UniqueID = "\ZMODOQIX\JDUYTCEY\UPOOIOWI" ("\ZMODOQIX\JDUYTCEY\UPOOIOWI")
Change component parameters (AddParameter): Name = "Manufacturer"; Value = "Vishay Dale"; VariantName = "[No Variations]"
Change component parameters (AddParameter): Name = "Part Number"; Value = "CRCW08050000Z0EA"; VariantName = "[No Variations]"
Change component parameters: Designator = "R5" ("R5"); Footprint = "RESC2013X60X35ML10T20"; UniqueID = "\ZMODOQIX\JDUYTCEY\JEWQJDTL" ("\ZMODOQIX\JDUYTCEY\JEWQJDTL")
Change component parameters (AddParameter): Name = "Manufacturer"; Value = "Vishay Dale"; VariantName = "[No Variations]"
Change component parameters (AddParameter): Name = "Part Number"; Value = "CRCW08050000Z0EA"; VariantName = "[No Variations]"
Change component parameters: Designator = "R6" ("R6"); Footprint = "RESC2013X60X35ML10T20"; UniqueID = "\ZMODOQIX\RJQXHESP\PBRLSNTL" ("\ZMODOQIX\RJQXHESP\PBRLSNTL")
Change component parameters (AddParameter): Name = "Manufacturer"; Value = "Vishay Dale"; VariantName = "[No Variations]"
Change component parameters (AddParameter): Name = "Part Number"; Value = "CRCW08050000Z0EA"; VariantName = "[No Variations]"
Change component parameters: Designator = "R7" ("R7"); Footprint = "RESC2013X60X35ML10T20"; UniqueID = "\ZMODOQIX\RJQXHESP\RNPRVARS" ("\ZMODOQIX\RJQXHESP\RNPRVARS")
Change component parameters (AddParameter): Name = "Manufacturer"; Value = "Vishay Dale"; VariantName = "[No Variations]"
Change component parameters (AddParameter): Name = "Part Number"; Value = "CRCW08050000Z0EA"; VariantName = "[No Variations]"
Change component parameters: Designator = "R35" ("R35"); Footprint = "RMCF0805FT13K7_13.7k"; UniqueID = "\HJCTLMJN\LCIRVPEO\JDZUUSVO" ("\HJCTLMJN\LCIRVPEO\JDZUUSVO")
Change component parameters (AddParameter): Name = "LatestRevisionDate"; Value = "17-Jul-2002"; VariantName = "[No Variations]"
Change component parameters (AddParameter): Name = "LatestRevisionNote"; Value = "Re-released for DXP Platform."; VariantName = "[No Variations]"
Change component parameters (AddParameter): Name = "PackageDescription"; Value = "Axial Device, Thru-Hole; 2 Leads; 0.3 in Pin Spacing"; VariantName = "[No Variations]"
Change component parameters (AddParameter): Name = "PackageReference"; Value = "AXIAL-0.3"; VariantName = "[No Variations]"
Change component parameters (AddParameter): Name = "Published"; Value = "8-Jun-2000"; VariantName = "[No Variations]"
Change component parameters (AddParameter): Name = "Publisher"; Value = "Altium Limited"; VariantName = "[No Variations]"
Change component parameters (AddParameter): Name = "Value"; Value = "13.7K"; VariantName = "[No Variations]"
Change component parameters: Designator = "R36" ("R36"); Footprint = "1Mohm_ESR01MZPF1004"; UniqueID = "\HJCTLMJN\KKTYPOID\OHVLLJRS" ("\HJCTLMJN\KKTYPOID\OHVLLJRS")
Change component parameters (AddParameter): Name = "LatestRevisionDate"; Value = "17-Jul-2002"; VariantName = "[No Variations]"
Change component parameters (AddParameter): Name = "LatestRevisionNote"; Value = "Re-released for DXP Platform."; VariantName = "[No Variations]"
Change component parameters (AddParameter): Name = "PackageDescription"; Value = "Axial Device, Thru-Hole; 2 Leads; 0.3 in Pin Spacing"; VariantName = "[No Variations]"
Change component parameters (AddParameter): Name = "PackageReference"; Value = "AXIAL-0.3"; VariantName = "[No Variations]"
Change component parameters (AddParameter): Name = "Published"; Value = "8-Jun-2000"; VariantName = "[No Variations]"
Change component parameters (AddParameter): Name = "Publisher"; Value = "Altium Limited"; VariantName = "[No Variations]"
Change component parameters (AddParameter): Name = "Value"; Value = "1M"; VariantName = "[No Variations]"
Change component parameters: Designator = "R37" ("R37"); Footprint = "130k_RGV3216P-1303-B-T1"; UniqueID = "\HJCTLMJN\KKTYPOID\RJNTWTTA" ("\HJCTLMJN\KKTYPOID\RJNTWTTA")
Change component parameters (AddParameter): Name = "LatestRevisionDate"; Value = "17-Jul-2002"; VariantName = "[No Variations]"
Change component parameters (AddParameter): Name = "LatestRevisionNote"; Value = "Re-released for DXP Platform."; VariantName = "[No Variations]"
Change component parameters (AddParameter): Name = "PackageDescription"; Value = "Axial Device, Thru-Hole; 2 Leads; 0.3 in Pin Spacing"; VariantName = "[No Variations]"
Change component parameters (AddParameter): Name = "PackageReference"; Value = "AXIAL-0.3"; VariantName = "[No Variations]"
Change component parameters (AddParameter): Name = "Published"; Value = "8-Jun-2000"; VariantName = "[No Variations]"
Change component parameters (AddParameter): Name = "Publisher"; Value = "Altium Limited"; VariantName = "[No Variations]"
Change component parameters (AddParameter): Name = "Value"; Value = "130K"; VariantName = "[No Variations]"
Change component parameters: Designator = "R38" ("R38"); Footprint = "1Mohm_ESR01MZPF1004"; UniqueID = "\HJCTLMJN\KKTYPOID\YZKZFRIE" ("\HJCTLMJN\KKTYPOID\YZKZFRIE")
Change component parameters (AddParameter): Name = "LatestRevisionDate"; Value = "17-Jul-2002"; VariantName = "[No Variations]"
Change component parameters (AddParameter): Name = "LatestRevisionNote"; Value = "Re-released for DXP Platform."; VariantName = "[No Variations]"
Change component parameters (AddParameter): Name = "PackageDescription"; Value = "Axial Device, Thru-Hole; 2 Leads; 0.3 in Pin Spacing"; VariantName = "[No Variations]"
Change component parameters (AddParameter): Name = "PackageReference"; Value = "AXIAL-0.3"; VariantName = "[No Variations]"
Change component parameters (AddParameter): Name = "Published"; Value = "8-Jun-2000"; VariantName = "[No Variations]"
Change component parameters (AddParameter): Name = "Publisher"; Value = "Altium Limited"; VariantName = "[No Variations]"
Change component parameters (AddParameter): Name = "Value"; Value = "1M"; VariantName = "[No Variations]"
Change component parameters: Designator = "R39" ("R39"); Footprint = "121k_RE0201BRE07121KL"; UniqueID = "\HJCTLMJN\KKTYPOID\BIEYBKDP" ("\HJCTLMJN\KKTYPOID\BIEYBKDP")
Change component parameters (AddParameter): Name = "LatestRevisionDate"; Value = "17-Jul-2002"; VariantName = "[No Variations]"
Change component parameters (AddParameter): Name = "LatestRevisionNote"; Value = "Re-released for DXP Platform."; VariantName = "[No Variations]"
Change component parameters (AddParameter): Name = "PackageDescription"; Value = "Axial Device, Thru-Hole; 2 Leads; 0.3 in Pin Spacing"; VariantName = "[No Variations]"
Change component parameters (AddParameter): Name = "PackageReference"; Value = "AXIAL-0.3"; VariantName = "[No Variations]"
Change component parameters (AddParameter): Name = "Published"; Value = "8-Jun-2000"; VariantName = "[No Variations]"
Change component parameters (AddParameter): Name = "Publisher"; Value = "Altium Limited"; VariantName = "[No Variations]"
Change component parameters (AddParameter): Name = "Value"; Value = "121K"; VariantName = "[No Variations]"
Change component parameters: Designator = "R40" ("R40"); Footprint = "200ohm_ESR01MZPF2000"; UniqueID = "\HJCTLMJN\KKTYPOID\ZIFKXLGF" ("\HJCTLMJN\KKTYPOID\ZIFKXLGF")
Change component parameters (AddParameter): Name = "LatestRevisionDate"; Value = "17-Jul-2002"; VariantName = "[No Variations]"
Change component parameters (AddParameter): Name = "LatestRevisionNote"; Value = "Re-released for DXP Platform."; VariantName = "[No Variations]"
Change component parameters (AddParameter): Name = "PackageDescription"; Value = "Axial Device, Thru-Hole; 2 Leads; 0.3 in Pin Spacing"; VariantName = "[No Variations]"
Change component parameters (AddParameter): Name = "PackageReference"; Value = "AXIAL-0.3"; VariantName = "[No Variations]"
Change component parameters (AddParameter): Name = "Published"; Value = "8-Jun-2000"; VariantName = "[No Variations]"
Change component parameters (AddParameter): Name = "Publisher"; Value = "Altium Limited"; VariantName = "[No Variations]"
Change component parameters (AddParameter): Name = "Value"; Value = ".2K"; VariantName = "[No Variations]"
Change component parameters: Designator = "R41" ("R41"); Footprint = "FP-AC0603-IPC_A"; UniqueID = "\HJCTLMJN\KKTYPOID\PRWPZQNY" ("\HJCTLMJN\KKTYPOID\PRWPZQNY")
Change component parameters (AddParameter): Name = "Case/Package"; Value = "0603"; VariantName = "[No Variations]"
Change component parameters (AddParameter): Name = "Resistance"; Value = "100O"; VariantName = "[No Variations]"
Change component parameters (AddParameter): Name = "RoHS Compliant"; Value = "Yes"; VariantName = "[No Variations]"
Change component parameters (AddParameter): Name = "Tolerance"; Value = "1%"; VariantName = "[No Variations]"
Added Component: Designator=L1(WE-PD-S-PB)
Add component (AddParameter): Name = "ComponentLink1Description"; Value = "Manufacturer URL"; VariantName = "[No Variations]"
Add component (AddParameter): Name = "ComponentLink1URL"; Value = "http://www.we-online.com"; VariantName = "[No Variations]"
Add component (AddParameter): Name = "ComponentLink2Description"; Value = "Datasheet"; VariantName = "[No Variations]"
Add component (AddParameter): Name = "ComponentLink2URL"; Value = "http://www.we-online.de/katalog/media/pdf/7447789004.pdf"; VariantName = "[No Variations]"
Add component (AddParameter): Name = "Inductance"; Value = "4.70 ÂµH"; VariantName = "[No Variations]"
Add component (AddParameter): Name = "Manufacturer"; Value = "Wuerth Elektronik"; VariantName = "[No Variations]"
Add component (AddParameter): Name = "PackageDescription"; Value = "SMD Inductor, 2-Leads, Body 7.3 x 7.3 mm"; VariantName = "[No Variations]"
Add component (AddParameter): Name = "PackageReference"; Value = "WE-PD-S-PB"; VariantName = "[No Variations]"
Add component (AddParameter): Name = "PartNumber"; Value = "7447789004"; VariantName = "[No Variations]"
Added Component: Designator=L2(WE-PD-S-PB)
Add component (AddParameter): Name = "ComponentLink1Description"; Value = "Manufacturer URL"; VariantName = "[No Variations]"
Add component (AddParameter): Name = "ComponentLink1URL"; Value = "http://www.we-online.com"; VariantName = "[No Variations]"
Add component (AddParameter): Name = "ComponentLink2Description"; Value = "Datasheet"; VariantName = "[No Variations]"
Add component (AddParameter): Name = "ComponentLink2URL"; Value = "http://www.we-online.de/katalog/media/pdf/7447789004.pdf"; VariantName = "[No Variations]"
Add component (AddParameter): Name = "Inductance"; Value = "4.70 ÂµH"; VariantName = "[No Variations]"
Add component (AddParameter): Name = "Manufacturer"; Value = "Wuerth Elektronik"; VariantName = "[No Variations]"
Add component (AddParameter): Name = "PackageDescription"; Value = "SMD Inductor, 2-Leads, Body 7.3 x 7.3 mm"; VariantName = "[No Variations]"
Add component (AddParameter): Name = "PackageReference"; Value = "WE-PD-S-PB"; VariantName = "[No Variations]"
Add component (AddParameter): Name = "PartNumber"; Value = "7447789004"; VariantName = "[No Variations]"
Added Component: Designator=Q1(PCBComponent_1)
Add component (AddParameter): Name = "LatestRevisionDate"; Value = "17-Jul-2002"; VariantName = "[No Variations]"
Add component (AddParameter): Name = "LatestRevisionNote"; Value = "Re-released for DXP Platform."; VariantName = "[No Variations]"
Add component (AddParameter): Name = "PackageDescription"; Value = "TO, Flat Index; 3 In-Line, Axial Leads; Body Dia. 4.6mm; Lead Dia. 0.5 mm (max)"; VariantName = "[No Variations]"
Add component (AddParameter): Name = "PackageReference"; Value = "E3"; VariantName = "[No Variations]"
Add component (AddParameter): Name = "PackageVersion"; Value = "1995/1996"; VariantName = "[No Variations]"
Add component (AddParameter): Name = "Published"; Value = "8-Jun-2000"; VariantName = "[No Variations]"
Add component (AddParameter): Name = "Publisher"; Value = "Altium Limited"; VariantName = "[No Variations]"
Added Pin To Net: NetName=FB Pin=B3-4
Add Pin To Net: Unknown Pin: Pin C49-1
Add Pin To Net: Unknown Pin: Pin C49-2
Add Pin To Net: Unknown Pin: Pin C50-1
Add Pin To Net: Unknown Pin: Pin C50-2
Add Pin To Net: Unknown Pin: Pin C53-1
Add Pin To Net: Unknown Pin: Pin C53-2
Add Pin To Net: Unknown Pin: Pin C54-1
Add Pin To Net: Unknown Pin: Pin C54-2
Add Pin To Net: Unknown Pin: Pin C55-1
Add Pin To Net: Unknown Pin: Pin C55-2
Add Pin To Net: Unknown Pin: Pin C56-1
Add Pin To Net: Unknown Pin: Pin C56-2
Added Pin To Net: NetName=+3.3V Pin=C57-1
Add Pin To Net: Unknown Pin: Pin C58-1
Add Pin To Net: Unknown Pin: Pin C58-2
Add Pin To Net: Unknown Pin: Pin C59-1
Add Pin To Net: Unknown Pin: Pin C59-2
Added Pin To Net: NetName=+10V Pin=C63-1
Added Pin To Net: NetName=-10.5V Pin=C64-2
Added Pin To Net: NetName=+10V Pin=D1-1
Added Pin To Net: NetName=-10.5V Pin=D2-2
Added Pin To Net: NetName=Qnet Pin=L1-1
Added Pin To Net: NetName=INP Pin=L1-2
Added Pin To Net: NetName=GND Pin=L2-1
Added Pin To Net: NetName=OUTN Pin=L2-2
Add Pin To Net: Unknown Pin: Pin L3-1
Add Pin To Net: Unknown Pin: Pin L3-2
Add Pin To Net: Unknown Pin: Pin L4-1
Add Pin To Net: Unknown Pin: Pin L4-2
Add Pin To Net: Unknown Pin: Pin Q1-1
Add Pin To Net: Unknown Pin: Pin Q1-2
Add Pin To Net: Unknown Pin: Pin Q1-3
Added Pin To Net: NetName=NetC18_1 Pin=R4-1
Added Pin To Net: NetName=NetR4_2 Pin=R4-2
Added Pin To Net: NetName=NetC20_1 Pin=R5-1
Added Pin To Net: NetName=NetR5_2 Pin=R5-2
Added Pin To Net: NetName=FB Pin=R34-1
Add Pin To Net: Unknown Pin: Pin R35-1
Add Pin To Net: Unknown Pin: Pin R35-2
Add Pin To Net: Unknown Pin: Pin R36-1
Add Pin To Net: Unknown Pin: Pin R36-2
Add Pin To Net: Unknown Pin: Pin R37-1
Add Pin To Net: Unknown Pin: Pin R37-2
Add Pin To Net: Unknown Pin: Pin R38-1
Add Pin To Net: Unknown Pin: Pin R38-2
Add Pin To Net: Unknown Pin: Pin R39-2
Add Pin To Net: Unknown Pin: Pin R40-1
Added Pin To Net: NetName=NetR5_2 Pin=U5-4
Add Pin To Net: Unknown Pin: Pin U6-1
Add Pin To Net: Unknown Pin: Pin U6-2
Add Pin To Net: Unknown Pin: Pin U6-3
Add Pin To Net: Unknown Pin: Pin U6-4
Add Pin To Net: Unknown Pin: Pin U6-5
Add Pin To Net: Unknown Pin: Pin U6-6
Add Pin To Net: Unknown Pin: Pin U6-7
Add Pin To Net: Unknown Pin: Pin U6-8
Add Pin To Net: Unknown Pin: Pin U6-9
Add Pin To Net: Unknown Pin: Pin U6-10
Add Pin To Net: Unknown Pin: Pin U6-11
Add Pin To Net: Unknown Pin: Pin U6-13
Add Pin To Net: Unknown Pin: Pin U6-14
Add Pin To Net: Unknown Pin: Pin U6-15
Add Pin To Net: Unknown Pin: Pin U6-16
Add Pin To Net: Unknown Pin: Pin U6-17
Add Pin To Net: Unknown Pin: Pin U6-18
Add Pin To Net: Unknown Pin: Pin U6-21
Add Pin To Net: Unknown Pin: Pin U6-22
Add Pin To Net: Unknown Pin: Pin U6-23
Add Pin To Net: Unknown Pin: Pin U6-24
Change Net Name : Old Net Name=+10V New Net Name=+10.5V
Change Net Name : Old Net Name=-10.5V New Net Name=-10V
Change Net Name : Old Net Name=FB1 New Net Name=NetB2_4
Change Net Name : Old Net Name=UART_TX New Net Name=U1TX
Added Net: Name=NetR39_1
Added Class: Name=ADC_Processor
Added Member To Class: ClassName=LMR51420 3.3V Member=Component B2
Added Member To Class: ClassName=LMR51420 5V Member=Component B3
Added Member To Class: ClassName=U5 Member=Component C21 C2012JB1A685K060AC
Added Member To Class: ClassName=U5 Member=Component C22 C2012JB1A685K060AC
Added Member To Class: ClassName=U6 Member=Component C42 CC0603KRX7R9BB392
Added Member To Class: ClassName=U6 Member=Component C43 GQM1875C2ER10BB12D
Added Member To Class: ClassName=U6 Member=Component C44 CC0603KRX7R9BB392
Added Member To Class: ClassName=U6 Member=Component C45 CC0603KRX7R9BB392
Added Member To Class: ClassName=U6 Member=Component C46 CC0603KRX7R9BB392
Added Member To Class: ClassName=LMR51420 3.3V Member=Component C47 UMK212BBJ225MD-T
Added Member To Class: ClassName=LMR51420 3.3V Member=Component C48 C0603C104K4PAC7867
Added Member To Class: ClassName=LMR51420 3.3V Member=Component C49 Comment
Added Member To Class: ClassName=LMR51420 3.3V Member=Component C50 Comment
Added Member To Class: ClassName=LMR51420 5V Member=Component C51 UMK212BBJ225MD-T
Added Member To Class: ClassName=LMR51420 5V Member=Component C52 C0603C104K4PAC7867
Added Member To Class: ClassName=LMR51420 5V Member=Component C53 Comment
Added Member To Class: ClassName=LMR51420 5V Member=Component C54 Comment
Added Member To Class: ClassName=TPS6513x Member=Component C55 Comment
Added Member To Class: ClassName=TPS6513x Member=Component C56 Comment
Added Member To Class: ClassName=TPS6513x Member=Component C57 C0402C104K8PAC
Added Member To Class: ClassName=TPS6513x Member=Component C58 Comment
Added Member To Class: ClassName=TPS6513x Member=Component C59 Comment
Added Member To Class: ClassName=TPS6513x Member=Component C60 C1206C472J5GAC
Added Member To Class: ClassName=TPS6513x Member=Component C61 C0402C103J4RAC
Added Member To Class: ClassName=TPS6513x Member=Component C62 Comment
Added Member To Class: ClassName=TPS6513x Member=Component C63 CGA1A2C0G1E6R8D030BA
Added Member To Class: ClassName=TPS6513x Member=Component C64 C0805C759D5GACTU
Added Member To Class: ClassName=TPS6513x Member=Component D1 MBRM120ET3G
Added Member To Class: ClassName=TPS6513x Member=Component D2 MBRM120ET3G
Added Member To Class: ClassName=TPS6513x Member=Component L1 7447789004
Added Member To Class: ClassName=TPS6513x Member=Component L2 7447789004
Added Member To Class: ClassName=LMR51420 3.3V Member=Component L3 Comment
Added Member To Class: ClassName=LMR51420 5V Member=Component L4 Comment
Added Member To Class: ClassName=TPS6513x Member=Component Q1 Comment
Added Member To Class: ClassName=U5 Member=Component R4 CRCW08050000Z0EA
Added Member To Class: ClassName=U5 Member=Component R5 CRCW08050000Z0EA
Added Member To Class: ClassName=U4 Member=Component R6 CRCW08050000Z0EA
Added Member To Class: ClassName=U4 Member=Component R7 CRCW08050000Z0EA
Added Member To Class: ClassName=U6 Member=Component R28 RC0805FR-071KL
Added Member To Class: ClassName=U6 Member=Component R29 RC0805FR-071KL
Added Member To Class: ClassName=U6 Member=Component R30 CRCW060335K7FKEA
Added Member To Class: ClassName=U6 Member=Component R31 CRCW060335K7FKEA
Added Member To Class: ClassName=LMR51420 3.3V Member=Component R32 RK73G2ATTD1003F
Added Member To Class: ClassName=LMR51420 3.3V Member=Component R33 RMCF0805FG22K1
Added Member To Class: ClassName=LMR51420 5V Member=Component R34 RK73G2ATTD1003F
Added Member To Class: ClassName=LMR51420 5V Member=Component R35 Comment
Added Member To Class: ClassName=TPS6513x Member=Component R36 Comment
Added Member To Class: ClassName=TPS6513x Member=Component R37 Comment
Added Member To Class: ClassName=TPS6513x Member=Component R38 Comment
Added Member To Class: ClassName=TPS6513x Member=Component R39 Comment
Added Member To Class: ClassName=TPS6513x Member=Component R40 Comment
Added Member To Class: ClassName=TPS6513x Member=Component R41 AC0603FR-10100RL
Added Member To Class: ClassName=U4 Member=Component U4 THS7002CPWP
Added Member To Class: ClassName=TPS6513x Member=Component U6 TPS6513x
Added Room: Name=ADC_Processor
