Removed Member From Class: ClassName=ADC_Subsystem Member=C1
Removed Member From Class: ClassName=TPS6513x Member=C1
Removed Member From Class: ClassName=ADC_Subsystem Member=C2
Removed Member From Class: ClassName=TPS6513x Member=C2
Removed Member From Class: ClassName=ADC_Subsystem Member=C3
Removed Member From Class: ClassName=TPS6513x Member=C3
Removed Member From Class: ClassName=PGA2 Member=C4
Removed Member From Class: ClassName=TPS6513x Member=C4
Removed Member From Class: ClassName=ADC_Subsystem Member=C5
Removed Member From Class: ClassName=TPS6513x Member=C8
Removed Member From Class: ClassName=TPS6513x Member=C9
Removed Member From Class: ClassName=TPS6513x Member=C10
Removed Member From Class: ClassName=LMR51420 5V Member=C11
Removed Member From Class: ClassName=LMR51420 5V Member=C12
Removed Member From Class: ClassName=PIC32_Subsystem Member=C12
Removed Member From Class: ClassName=LMR51420 5V Member=C13
Removed Member From Class: ClassName=PIC32_Subsystem Member=U2
Removed Member From Class: ClassName=ADC_Subsystem Member=U4
Change Component Designator: OldDesignator=C1 NewDesignator=C9
Change Component Designator: OldDesignator=C1 NewDesignator=C37
Change Component Designator: OldDesignator=C1 NewDesignator=C46
Change Component Designator: OldDesignator=C1A NewDesignator=C30
Change Component Designator: OldDesignator=C1B NewDesignator=C29
Change Component Designator: OldDesignator=C1C NewDesignator=C15
Change Component Designator: OldDesignator=C1D NewDesignator=C14
Change Component Designator: OldDesignator=C2 NewDesignator=C10
Change Component Designator: OldDesignator=C2 NewDesignator=C38
Change Component Designator: OldDesignator=C2 NewDesignator=C44
Change Component Designator: OldDesignator=C2A NewDesignator=C36
Change Component Designator: OldDesignator=C2B NewDesignator=C31
Change Component Designator: OldDesignator=C2C NewDesignator=C21
Change Component Designator: OldDesignator=C2D NewDesignator=C16
Change Component Designator: OldDesignator=C3 NewDesignator=C11
Change Component Designator: OldDesignator=C3 NewDesignator=C22
Change Component Designator: OldDesignator=C3 NewDesignator=C45
Change Component Designator: OldDesignator=C3A NewDesignator=C35
Change Component Designator: OldDesignator=C3B NewDesignator=C32
Change Component Designator: OldDesignator=C3C NewDesignator=C20
Change Component Designator: OldDesignator=C3D NewDesignator=C17
Change Component Designator: OldDesignator=C4 NewDesignator=C12
Change Component Designator: OldDesignator=C4 NewDesignator=C23
Change Component Designator: OldDesignator=C4 NewDesignator=C52
Change Component Designator: OldDesignator=C4A NewDesignator=C34
Change Component Designator: OldDesignator=C4B NewDesignator=C33
Change Component Designator: OldDesignator=C4C NewDesignator=C19
Change Component Designator: OldDesignator=C4D NewDesignator=C18
Change Component Designator: OldDesignator=C5 NewDesignator=C13
Change Component Designator: OldDesignator=C5 NewDesignator=C53
Change Component Designator: OldDesignator=C6 NewDesignator=C5
Change Component Designator: OldDesignator=C6 NewDesignator=C48
Change Component Designator: OldDesignator=C7 NewDesignator=C47
Change Component Designator: OldDesignator=C8 NewDesignator=C6
Change Component Designator: OldDesignator=C8 NewDesignator=C49
Change Component Designator: OldDesignator=C9 NewDesignator=C1
Change Component Designator: OldDesignator=C9 NewDesignator=C51
Change Component Designator: OldDesignator=C10 NewDesignator=C2
Change Component Designator: OldDesignator=C10 NewDesignator=C50
Change Component Designator: OldDesignator=C11 NewDesignator=C3
Change Component Designator: OldDesignator=C11 NewDesignator=C54
Change Component Designator: OldDesignator=C12 NewDesignator=C8
Change Component Designator: OldDesignator=C12 NewDesignator=C55
Change Component Designator: OldDesignator=C13 NewDesignator=C4
Change Component Designator: OldDesignator=C13 NewDesignator=C56
Change Component Designator: OldDesignator=C14 NewDesignator=C57
Change Component Designator: OldDesignator=C15 NewDesignator=C58
Change Component Designator: OldDesignator=C16 NewDesignator=C59
Change Component Designator: OldDesignator=C17 NewDesignator=C60
Change Component Designator: OldDesignator=C18 NewDesignator=C61
Change Component Designator: OldDesignator=Cp1+ NewDesignator=C41
Change Component Designator: OldDesignator=Cp1- NewDesignator=C39
Change Component Designator: OldDesignator=Cp2+ NewDesignator=C42
Change Component Designator: OldDesignator=Cp2- NewDesignator=C40
Change Component Designator: OldDesignator=Cp3+ NewDesignator=C26
Change Component Designator: OldDesignator=Cp3- NewDesignator=C24
Change Component Designator: OldDesignator=Cp3 NewDesignator=C43
Change Component Designator: OldDesignator=Cp4+ NewDesignator=C27
Change Component Designator: OldDesignator=Cp4- NewDesignator=C25
Change Component Designator: OldDesignator=Cp5 NewDesignator=C28
Change Net Name : Old Net Name=NetC2_1 New Net Name=NetC44_1
Change Net Name : Old Net Name=NetC4_2 New Net Name=NetC51_1
Change Net Name : Old Net Name=NetC5_2 New Net Name=NetC50_2
Change Net Name : Old Net Name=NetC6_1 New Net Name=NetC5_1
Change Net Name : Old Net Name=NetC8_1 New Net Name=NetC6_1
Added Pin To Net: NetName=NetC22_1 Pin=C22-1
Added Pin To Net: NetName=NetC22_1 Pin=R3-1
Added Net: Name=NetC22_1
Added Pin To Net: NetName=NetC23_1 Pin=C23-1
Added Pin To Net: NetName=NetC23_1 Pin=R4-1
Added Net: Name=NetC23_1
Added Pin To Net: NetName=NetC37_1 Pin=C37-1
Added Pin To Net: NetName=NetC37_1 Pin=R1-1
Added Net: Name=NetC37_1
Added Pin To Net: NetName=NetC38_1 Pin=C38-1
Added Pin To Net: NetName=NetC38_1 Pin=R2-1
Added Net: Name=NetC38_1
Added Pin To Net: NetName=NetC46_1 Pin=L1-1
Added Net: Name=NetC46_1
Added Pin To Net: NetName=NetC47_1 Pin=C47-1
Added Pin To Net: NetName=NetC47_1 Pin=U4-18
Added Net: Name=NetC47_1
Added Pin To Net: NetName=NetC49_2 Pin=U4-17
Added Net: Name=NetC49_2
Added Pin To Net: NetName=NetC50_1 Pin=C50-1
Added Pin To Net: NetName=NetC50_1 Pin=U4-16
Added Net: Name=NetC50_1
Added Pin To Net: NetName=NetC51_2 Pin=C51-2
Added Pin To Net: NetName=NetC51_2 Pin=U4-22
Added Net: Name=NetC51_2
Added Member To Class: ClassName=PIC32_Subsystem Member=Component C5 10uF
Added Member To Class: ClassName=ADC_Subsystem Member=Component C9 47uF
Added Member To Class: ClassName=ADC_Subsystem Member=Component C10 0.1uF
Added Member To Class: ClassName=ADC_Subsystem Member=Component C11 0.1uF
Added Member To Class: ClassName=ADC_Subsystem Member=Component C13 10uF
Added Member To Class: ClassName=PGA2 Member=Component C23 GRM3195C1H163JA01D
Added Member To Class: ClassName=TPS6513x Member=Component C44 Comment
Added Member To Class: ClassName=TPS6513x Member=Component C45 C0402C104K8PAC
Added Member To Class: ClassName=TPS6513x Member=Component C46 Comment
Added Member To Class: ClassName=TPS6513x Member=Component C49 Comment
Added Member To Class: ClassName=TPS6513x Member=Component C50 C0805C759D5GACTU
Added Member To Class: ClassName=TPS6513x Member=Component C51 CGA1A2C0G1E6R8D030BA
Added Member To Class: ClassName=TPS6513x Member=Component C52 Comment
Added Member To Class: ClassName=LMR51420 5V Member=Component C54 UMK212BBJ225MD-T
Added Member To Class: ClassName=LMR51420 5V Member=Component C55 C0603C104K4PAC7867
Added Member To Class: ClassName=LMR51420 5V Member=Component C56 Comment
Added Member To Class: ClassName=PIC32_Subsystem Member=Component U1 PIC32MX470-F512H-120MR
Added Member To Class: ClassName=ADC_Subsystem Member=Component U2 LTC2373CUH-16#PBF
