Removed Pin From Net: NetName=GND Pin=B1-1
Removed Pin From Net: NetName=SW Pin=B1-2
Removed Pin From Net: NetName=Vin Pin=B1-3
Removed Pin From Net: NetName=FB Pin=B1-4
Removed Pin From Net: NetName=Vin Pin=B1-5
Removed Pin From Net: NetName=CB Pin=B1-6
Removed Member From Class: ClassName=U4 Member=C15
Removed Member From Class: ClassName=U6 Member=C15
Removed Member From Class: ClassName=U4 Member=C17
Removed Member From Class: ClassName=U6 Member=C17
Removed Member From Class: ClassName=U8 Member=C17
Removed Member From Class: ClassName=TPS6513x Member=C23
Removed Member From Class: ClassName=U6 Member=C23
Removed Member From Class: ClassName=U8 Member=C23
Removed Member From Class: ClassName=U6 Member=C24
Removed Member From Class: ClassName=TPS6513x Member=C28
Removed Member From Class: ClassName=U6 Member=C28
Removed Member From Class: ClassName=U8 Member=C28
Removed Member From Class: ClassName=TPS6513x Member=C30
Removed Member From Class: ClassName=TPS6513x Member=C31
Removed Member From Class: ClassName=U4 Member=C44
Removed Member From Class: ClassName=U5 Member=C44
Removed Member From Class: ClassName=U8 Member=C44
Removed Member From Class: ClassName=PIC32_Subsystem Member=R5
Removed Member From Class: ClassName=PIC32_Subsystem Member=R14
Removed Member From Class: ClassName=U4 Member=R14
Removed Member From Class: ClassName=U5 Member=R16
Removed Member From Class: ClassName=TPS6513x Member=R17
Removed Member From Class: ClassName=U8 Member=R26
Removed Member From Class: ClassName=PIC32_Subsystem Member=R31
Removed Member From Class: ClassName=U4 Member=R31
Removed Member From Class: ClassName=U8 Member=R31
Change Component Designator: OldDesignator=C1B NewDesignator=C39
Change Component Designator: OldDesignator=C39 NewDesignator=C40
Change Component Designator: OldDesignator=C40 NewDesignator=C41
Change Component Designator: OldDesignator=C41 NewDesignator=C42
Change Component Designator: OldDesignator=C42 NewDesignator=C43
Change Component Designator: OldDesignator=C43 NewDesignator=C44
Change Component Designator: OldDesignator=C44 NewDesignator=C45
Add Component: Footprint Not Found PCBComponent_1
Add Component: Footprint Not Found PCBComponent_1
Added Pin To Net: NetName=GND Pin=B1-1
Added Pin To Net: NetName=Sensor_A_N Pin=B1-1
Added Pin To Net: NetName=Sensor_A_P Pin=B1-2
Added Pin To Net: NetName=SW Pin=B1-2
Added Pin To Net: NetName=Sensor_B_P Pin=B1-3
Added Pin To Net: NetName=Vin Pin=B1-3
Added Pin To Net: NetName=FB Pin=B1-4
Added Pin To Net: NetName=Sensor_B_N Pin=B1-4
Added Pin To Net: NetName=Vin Pin=B1-5
Added Pin To Net: NetName=CB Pin=B1-6
Added Pin To Net: NetName=Sensor_C_N Pin=B1-6
Add Pin To Net: Unknown Pin: Pin B2-1
Add Pin To Net: Unknown Pin: Pin B2-2
Add Pin To Net: Unknown Pin: Pin B2-3
Add Pin To Net: Unknown Pin: Pin B2-4
Add Pin To Net: Unknown Pin: Pin B2-5
Add Pin To Net: Unknown Pin: Pin B2-6
Add Pin To Net: Unknown Pin: Pin C42-1
Add Pin To Net: Unknown Pin: Pin C42-2
Add Pin To Net: Unknown Pin: Pin C44-1
Add Pin To Net: Unknown Pin: Pin C44-2
Add Pin To Net: Unknown Pin: Pin C47-1
Add Pin To Net: Unknown Pin: Pin C47-2
Add Pin To Net: Unknown Pin: Pin C49-1
Add Pin To Net: Unknown Pin: Pin C49-2
Add Pin To Net: Unknown Pin: Pin C51-1
Add Pin To Net: Unknown Pin: Pin C51-2
Add Pin To Net: Unknown Pin: Pin C56-1
Add Pin To Net: Unknown Pin: Pin C56-2
Add Pin To Net: Unknown Pin: Pin C57-1
Add Pin To Net: Unknown Pin: Pin C57-2
Add Pin To Net: Unknown Pin: Pin C60-1
Add Pin To Net: Unknown Pin: Pin C60-2
Add Pin To Net: Unknown Pin: Pin C61-1
Add Pin To Net: Unknown Pin: Pin C61-2
Add Pin To Net: Unknown Pin: Pin Q1-1
Add Pin To Net: Unknown Pin: Pin Q1-2
Add Pin To Net: Unknown Pin: Pin Q1-3
Add Pin To Net: Unknown Pin: Pin R28-1
Add Pin To Net: Unknown Pin: Pin R28-2
Add Pin To Net: Unknown Pin: Pin R29-1
Add Pin To Net: Unknown Pin: Pin R29-2
Add Pin To Net: Unknown Pin: Pin R30-1
Add Pin To Net: Unknown Pin: Pin R30-2
Add Pin To Net: Unknown Pin: Pin R31-1
Add Pin To Net: Unknown Pin: Pin R31-2
Add Pin To Net: Unknown Pin: Pin R32-1
Add Pin To Net: Unknown Pin: Pin R32-2
Add Pin To Net: Unknown Pin: Pin R34-1
Add Pin To Net: Unknown Pin: Pin R34-2
Change Net Name : Old Net Name=NetC1B_1 New Net Name=NetC39_1
Add Class Member: Failed to add class member : Component B2
Added Member To Class: ClassName=U5 Member=Component C19 C2012JB1A685K060AC
Added Member To Class: ClassName=U4 Member=Component C25 CC0603KRX7R7BB104
Added Member To Class: ClassName=U4 Member=Component C26 C2012JB1A685K060AC
Added Member To Class: ClassName=U4 Member=Component C28 C2012JB1A685K060AC
Added Member To Class: ClassName=U8 Member=Component C32 GQM1875C2ER10BB12D
Added Member To Class: ClassName=U8 Member=Component C33 CC0603KRX7R9BB392
Added Member To Class: ClassName=U8 Member=Component C34 CC0603KRX7R9BB392
Added Member To Class: ClassName=U8 Member=Component C35 CC0603KRX7R9BB392
Added Member To Class: ClassName=U8 Member=Component C36 CC0603KRX7R9BB392
Added Member To Class: ClassName=U6 Member=Component C40 CC0603KRX7R9BB392
Added Member To Class: ClassName=U6 Member=Component C41 CC0603KRX7R9BB392
Added Member To Class: ClassName=TPS6513x Member=Component C42 Comment
Added Member To Class: ClassName=U6 Member=Component C42 CC0603KRX7R9BB392
Added Member To Class: ClassName=TPS6513x Member=Component C43 C0402C104K8PAC
Added Member To Class: ClassName=U6 Member=Component C43 CC0603KRX7R9BB392
Added Member To Class: ClassName=TPS6513x Member=Component C44 Comment
Added Member To Class: ClassName=TPS6513x Member=Component C45 C1206C472J5GAC
Added Member To Class: ClassName=U6 Member=Component C45 CC0603KRX7R9BB392
Added Member To Class: ClassName=PIC32_Subsystem Member=Component R1 0R
Added Member To Class: ClassName=PIC32_Subsystem Member=Component R2 1M
Added Member To Class: ClassName=PIC32_Subsystem Member=Component R3 10k
Added Member To Class: ClassName=U5 Member=Component R4 CRCW08050000Z0EA
Added Member To Class: ClassName=TPS6513x Member=Component R5 AC0603FR-10100RL
Added Member To Class: ClassName=U4 Member=Component R6 CRCW08050000Z0EA
Added Member To Class: ClassName=U4 Member=Component R7 CRCW08050000Z0EA
Added Member To Class: ClassName=U8 Member=Component R8 ERJ-6ENF1241V
Added Member To Class: ClassName=U8 Member=Component R9 ERJ-6ENF1241V
Added Member To Class: ClassName=U8 Member=Component R10 RC0805FR-071KL
Added Member To Class: ClassName=U8 Member=Component R11 RC0805FR-071KL
Added Member To Class: ClassName=U8 Member=Component R12 CRCW060335K7FKEA
Added Member To Class: ClassName=U8 Member=Component R15 ERJ-6ENF1241V
Added Member To Class: ClassName=U8 Member=Component R18 CRCW060335K7FKEA
Added Member To Class: ClassName=U8 Member=Component R19 CRCW060335K7FKEA
Added Member To Class: ClassName=U6 Member=Component R20 ERJ-6ENF1241V
Added Member To Class: ClassName=U6 Member=Component R21 ERJ-6ENF1241V
Added Member To Class: ClassName=U6 Member=Component R24 CRCW060335K7FKEA
Added Member To Class: ClassName=U6 Member=Component R27 ERJ-6ENF1241V
