Removed Pin From Net: NetName=SW Pin=B1-2
Removed Pin From Net: NetName=Vin Pin=B1-3
Removed Pin From Net: NetName=Vin Pin=B1-5
Change Managed Component Library Link : Designator=C22 Old VaultGUID=B7D15EC3-160A-466F-A46C-7801FE6295A7 New VaultGUID=B7D15EC3-160A-466F-A46C-7801FE6295A7 Old ItemGUID=1154ADC4-9949-4CD4-9518-E6026EDCB16E New ItemGUID=ADE78F01-43E4-4502-89C4-D2B4F5FFC93F Old RevisionGUID=04E348BC-2832-4FFE-872D-2FB64B2D2813 New RevisionGUID=4AA424F5-A868-416D-A989-54C20E3DB910
Change Managed Component Library Link : Designator=C23 Old VaultGUID=B7D15EC3-160A-466F-A46C-7801FE6295A7 New VaultGUID=B7D15EC3-160A-466F-A46C-7801FE6295A7 Old ItemGUID=1154ADC4-9949-4CD4-9518-E6026EDCB16E New ItemGUID=ADE78F01-43E4-4502-89C4-D2B4F5FFC93F Old RevisionGUID=04E348BC-2832-4FFE-872D-2FB64B2D2813 New RevisionGUID=4AA424F5-A868-416D-A989-54C20E3DB910
Change Managed Component Library Link : Designator=C29 Old VaultGUID=B7D15EC3-160A-466F-A46C-7801FE6295A7 New VaultGUID=B7D15EC3-160A-466F-A46C-7801FE6295A7 Old ItemGUID=8904CBCA-262F-43A9-9B8E-7C7FF65B204E New ItemGUID=9758915B-81C1-412E-9C3F-8B676BA2F088 Old RevisionGUID=56C2C38C-79CC-4AD3-8C20-38E387904425 New RevisionGUID=1EC9A6A9-AA85-4EAA-9A2D-C5AFB35654A9
Change Managed Component Library Link : Designator=C30 Old VaultGUID=B7D15EC3-160A-466F-A46C-7801FE6295A7 New VaultGUID=B7D15EC3-160A-466F-A46C-7801FE6295A7 Old ItemGUID=8904CBCA-262F-43A9-9B8E-7C7FF65B204E New ItemGUID=9758915B-81C1-412E-9C3F-8B676BA2F088 Old RevisionGUID=56C2C38C-79CC-4AD3-8C20-38E387904425 New RevisionGUID=1EC9A6A9-AA85-4EAA-9A2D-C5AFB35654A9
Change Managed Component Library Link : Designator=C37 Old VaultGUID=B7D15EC3-160A-466F-A46C-7801FE6295A7 New VaultGUID=B7D15EC3-160A-466F-A46C-7801FE6295A7 Old ItemGUID=1154ADC4-9949-4CD4-9518-E6026EDCB16E New ItemGUID=ADE78F01-43E4-4502-89C4-D2B4F5FFC93F Old RevisionGUID=04E348BC-2832-4FFE-872D-2FB64B2D2813 New RevisionGUID=4AA424F5-A868-416D-A989-54C20E3DB910
Change Managed Component Library Link : Designator=R1 Old VaultGUID=B7D15EC3-160A-466F-A46C-7801FE6295A7 New VaultGUID=B7D15EC3-160A-466F-A46C-7801FE6295A7 Old ItemGUID=BA82B1DB-3903-48AB-BE6C-7B43F7C4B2A3 New ItemGUID=78462138-499A-4A0D-A527-3027AB8F838F Old RevisionGUID=CE7A1A62-0A8C-40B2-AE66-1FCF8A173D4A New RevisionGUID=B8426C4C-D616-46EA-83DD-42D624EF6A27
Change Managed Component Library Link : Designator=R2 Old VaultGUID=B7D15EC3-160A-466F-A46C-7801FE6295A7 New VaultGUID=B7D15EC3-160A-466F-A46C-7801FE6295A7 Old ItemGUID=AC1CBF2B-3A40-42B9-9477-1CCD4F053E4F New ItemGUID=78462138-499A-4A0D-A527-3027AB8F838F Old RevisionGUID=A915DE98-EDDA-49B2-9ED4-0C494398405E New RevisionGUID=B8426C4C-D616-46EA-83DD-42D624EF6A27
Change Managed Component Library Link : Designator=R3 Old VaultGUID=B7D15EC3-160A-466F-A46C-7801FE6295A7 New VaultGUID=B7D15EC3-160A-466F-A46C-7801FE6295A7 Old ItemGUID=D3B00995-AAA7-42D9-BD32-498B5D362E93 New ItemGUID=78462138-499A-4A0D-A527-3027AB8F838F Old RevisionGUID=75A2D6CB-B21A-4156-9591-9EC9FB40CF5D New RevisionGUID=B8426C4C-D616-46EA-83DD-42D624EF6A27
Change Managed Component Library Link : Designator=R4 Old VaultGUID=B7D15EC3-160A-466F-A46C-7801FE6295A7 New VaultGUID=B7D15EC3-160A-466F-A46C-7801FE6295A7 Old ItemGUID=321E5360-5C2D-4F55-B61D-E28D7A8AC584 New ItemGUID=78462138-499A-4A0D-A527-3027AB8F838F Old RevisionGUID=B63533D8-577D-416A-9C09-C6848AF8B937 New RevisionGUID=B8426C4C-D616-46EA-83DD-42D624EF6A27
Added Pin To Net: NetName=GND Pin=B1-1
Added Pin To Net: NetName=Sensor_A_P Pin=B1-2
Added Pin To Net: NetName=SW Pin=B1-2
Added Pin To Net: NetName=Sensor_B_P Pin=B1-3
Added Pin To Net: NetName=Vin Pin=B1-3
Added Pin To Net: NetName=FB Pin=B1-4
Added Pin To Net: NetName=Vin Pin=B1-5
Added Pin To Net: NetName=CB Pin=B1-6
Added Pin To Net: NetName=ADC_CH_C+ Pin=C16-1
Added Pin To Net: NetName=ADC_CH_C+ Pin=C17-1
Added Pin To Net: NetName=ADC_CH_C+ Pin=C17-2
Added Pin To Net: NetName=ADC_CH_C+ Pin=C18-1
Added Pin To Net: NetName=ADC_CH_C+ Pin=C19-1
Added Pin To Net: NetName=ADC_CH_C+ Pin=C20-1
Added Pin To Net: NetName=ADC_CH_C+ Pin=C31-1
Added Pin To Net: NetName=ADC_CH_C+ Pin=C32-1
Added Pin To Net: NetName=ADC_CH_C+ Pin=C32-2
Added Pin To Net: NetName=ADC_CH_C+ Pin=C33-1
Added Pin To Net: NetName=ADC_CH_C+ Pin=C34-1
Added Pin To Net: NetName=ADC_CH_C+ Pin=C35-1
Added Pin To Net: NetName=ADC_CH_C+ Pin=C35-2
Added Pin To Net: NetName=ADC_CH_C+ Pin=C36-1
Added Pin To Net: NetName=Sensor_A_N Pin=PGA1-5
Added Pin To Net: NetName=Sensor_A_P Pin=PGA1-6
Added Pin To Net: NetName=Sensor_B_P Pin=PGA1-9
Added Pin To Net: NetName=Sensor_B_N Pin=PGA1-10
Added Pin To Net: NetName=Sensor_C_N Pin=PGA2-5
Added Pin To Net: NetName=Sensor_C_P Pin=PGA2-6
Added Pin To Net: NetName=Sensor_D_P Pin=PGA2-9
Added Pin To Net: NetName=Sensor_D_N Pin=PGA2-10
Added Pin To Net: NetName=ADC_CH_C+ Pin=R12-2
Added Pin To Net: NetName=ADC_CH_C+ Pin=R13-2
Added Pin To Net: NetName=ADC_CH_C+ Pin=R14-2
Added Pin To Net: NetName=ADC_CH_C+ Pin=R24-2
Added Pin To Net: NetName=ADC_CH_C+ Pin=R25-2
Added Pin To Net: NetName=ADC_CH_C+ Pin=R26-2
Added Pin To Net: NetName=ADC_CH_C+ Pin=R27-2
Change Net Name : Old Net Name=ADC_CH_C+ New Net Name=ADC_CH0_CH1_N
Change Net Name : Old Net Name=A GP0 New Net Name=A_GP0
Change Net Name : Old Net Name=A GP1 New Net Name=A_GP1
Change Net Name : Old Net Name=A GP2 New Net Name=A_GP2
Change Net Name : Old Net Name=B GP0 New Net Name=B_GP0
Change Net Name : Old Net Name=B GP1 New Net Name=B_GP1
Change Net Name : Old Net Name=B GP2 New Net Name=B_GP2
