Removed Member From Class: ClassName=TPS6513x Member=R3
Change Component Designator: OldDesignator=C22 NewDesignator=C3
Change Component Designator: OldDesignator=C23 NewDesignator=C4
Change Component Designator: OldDesignator=C24 NewDesignator=Cp3-
Change Component Designator: OldDesignator=C25 NewDesignator=Cp4-
Change Component Designator: OldDesignator=C26 NewDesignator=Cp3+
Change Component Designator: OldDesignator=C27 NewDesignator=Cp4+
Change Component Designator: OldDesignator=C28 NewDesignator=Cp5
Change Component Designator: OldDesignator=C29 NewDesignator=C1B
Change Component Designator: OldDesignator=C30 NewDesignator=C1A
Change Component Designator: OldDesignator=C31 NewDesignator=C2B
Change Component Designator: OldDesignator=C32 NewDesignator=C3B
Change Component Designator: OldDesignator=C33 NewDesignator=C4B
Change Component Designator: OldDesignator=C34 NewDesignator=C4A
Change Component Designator: OldDesignator=C35 NewDesignator=C3A
Change Component Designator: OldDesignator=C36 NewDesignator=C2A
Change Component Designator: OldDesignator=C37 NewDesignator=C1
Change Component Designator: OldDesignator=C38 NewDesignator=C2
Change Component Designator: OldDesignator=C39 NewDesignator=Cp1-
Change Component Designator: OldDesignator=C40 NewDesignator=Cp2-
Change Component Designator: OldDesignator=C41 NewDesignator=Cp1+
Change Component Designator: OldDesignator=C42 NewDesignator=Cp2+
Change Component Designator: OldDesignator=C43 NewDesignator=Cp3
Change Component Designator: OldDesignator=R1 NewDesignator=R32
Change Component Designator: OldDesignator=R1A NewDesignator=R18
Change Component Designator: OldDesignator=R1B NewDesignator=R17
Change Component Designator: OldDesignator=R1C NewDesignator=R6
Change Component Designator: OldDesignator=R1D NewDesignator=R5
Change Component Designator: OldDesignator=R2 NewDesignator=R31
Change Component Designator: OldDesignator=R2A NewDesignator=R21
Change Component Designator: OldDesignator=R2B NewDesignator=R22
Change Component Designator: OldDesignator=R2C NewDesignator=R10
Change Component Designator: OldDesignator=R2D NewDesignator=R9
Change Component Designator: OldDesignator=R3 NewDesignator=R28
Change Component Designator: OldDesignator=R4_1 NewDesignator=R30
Change Component Designator: OldDesignator=R4_2 NewDesignator=R29
Change Component Designator: OldDesignator=R6 NewDesignator=R36
Change Component Designator: OldDesignator=R7 NewDesignator=R35
Change Component Designator: OldDesignator=R8 NewDesignator=R33
Change Component Designator: OldDesignator=R9 NewDesignator=R34
Change Component Designator: OldDesignator=RfA NewDesignator=R20
Change Component Designator: OldDesignator=RfB NewDesignator=R23
Change Component Designator: OldDesignator=RfC NewDesignator=R11
Change Component Designator: OldDesignator=RfD NewDesignator=R8
Change Component Designator: OldDesignator=RgA NewDesignator=R19
Change Component Designator: OldDesignator=RgB NewDesignator=R16
Change Component Designator: OldDesignator=RgC NewDesignator=R7
Change Component Designator: OldDesignator=RgD NewDesignator=R4
Change Component Designator: OldDesignator=RoA+ NewDesignator=R27
Change Component Designator: OldDesignator=RoA- NewDesignator=R26
Change Component Designator: OldDesignator=RoB+ NewDesignator=R24
Change Component Designator: OldDesignator=RoB- NewDesignator=R25
Change Component Designator: OldDesignator=RoC+ NewDesignator=R15
Change Component Designator: OldDesignator=RoC- NewDesignator=R14
Change Component Designator: OldDesignator=RoD+ NewDesignator=R12
Change Component Designator: OldDesignator=RoD- NewDesignator=R13
Added Pin To Net: NetName=NetC1_1 Pin=C1-1
Added Pin To Net: NetName=NetC1_1 Pin=R1-1
Added Net: Name=NetC1_1
Added Pin To Net: NetName=NetC2_1 Pin=C2-1
Added Pin To Net: NetName=NetC2_1 Pin=R2-1
Added Net: Name=NetC2_1
Added Pin To Net: NetName=NetC3_1 Pin=C3-1
Added Pin To Net: NetName=NetC3_1 Pin=R3-1
Added Net: Name=NetC3_1
Added Pin To Net: NetName=NetC4_1 Pin=C4-1
Added Pin To Net: NetName=NetC4_1 Pin=R4-1
Added Net: Name=NetC4_1
Added Net: Name=NetR29_2
Added Member To Class: ClassName=TPS6513x Member=Component R28 Comment
